SELECT IIDPATPATIENT, ID_PROGRAMA FROM TBPRGPATIENTPROGRAMME WHERE IIDPATIENTPROGRAMME = 209
SELECT ID_DESCRIPCION FROM DESCRIPCIONES WHERE DESCRIPCION='#activity_discharge' AND ID_DESCRIPCION < 0 
SELECT COUNT(*) AS TOTAL FROM TIPOS_PRESTACION WHERE ID_TIPO_PRESTACION='SYS'
SELECT IIDPRGPROGRAMME FROM TBPRGPATIENTPROGRAMME  WHERE IIDPATIENTPROGRAMME='209'
SELECT COUNT(*) AS TOTAL FROM PLANTILLA_ALTA WHERE ID_DIAGNOSTICO_PPAL=19
SELECT * FROM PLANTILLA_INFORME_ALTA WHERE ID_DIAGNOSTICO_PPAL=19
 SELECT IIDSTFROLE AS ROL FROM TBSTFROLE WHERE TXMLSHORTNAME = 'GC'
SELECT PRESTACIONES_INGRESO_SEQ.NEXTVAL AS VALOR FROM DUAL
alter session set nls_date_format = 'yyyy-mm-dd hh24:mi:ss'
INSERT INTO PRESTACIONES_INGRESO (ID_PRESTACION_INGRESO, ID_INGRESO, ID_NOMBRE, ID_DESCRIPCION,
                ID_TIPO_PRESTACION, FECHA_HORA_INICIO, MINUTOS_DURACION, FECHA_HORA_FIN, DIA_PLAN_TRABAJO,
                ID_ESTADO, FECHA_ALTA,FECHA_ULTIMA_MODIFICACION,USUARIO_ULTIMA_MODIFICACION, INFORME_SEGUIMIENTO_SN, ID_EVENTO,
                ID_PRESTACION_COMPUESTA, NUM_ORDEN, ID_MENSAJE, ID_PRESTACION, TASK_CODE)
                VALUES (399,209,-10812,-10812,
                'SYS', '2014-02-17 12:11:33', 0, TO_DATE('2014-02-17 12:11:33','yyyy-mm-dd hh24:mi:ss') + 0/1440 , '0',
                '12','2014-02-17 12:11:33','2014-02-17 12:11:33','1','N',NULL,NULL,NULL,NULL, '', 'DISCHARGE')
SELECT * FROM TBGNRUSER WHERE TOKEN='LC5301df21b1f3c3.01465955'
SELECT IIDSTFPROFESSIONAL FROM TBSTFPERSONPROFESSIONAL WHERE IIDGNRPERSON='325'
INSERT INTO ROLES_PREST_INGRESO(ID_PRESTACION_INGRESO, ID_ROLE, ID_PROFESIONAL) 
                        VALUES (399, 24, 183) 
SELECT ID_PLANTILLA FROM PRESTACIONES WHERE ID_NOMBRE IN (SELECT ID_DESCRIPCION FROM DESCRIPCIONES WHERE DESCRIPCION = '#DISCHARGE')
SELECT CUESTIONARIOS_SEQ.NEXTVAL AS VALOR FROM DUAL
alter session set nls_date_format = 'yyyy-mm-dd hh24:mi:ss'
SELECT * FROM PLANTILLAS WHERE ID_PLANTILLA=120
INSERT INTO CUESTIONARIOS (ID_CUESTIONARIO, ID_PLANTILLA, ID_NOMBRE, ID_DESCRIPCION, FECHA_ALTA, 
				VERSION, ID_ESTADO, FECHA_ULTIMA_MOD, USUARIO_ULTIMA_MOD, FORM_CODE)
				VALUES (289,120, '7352', '7353',
				'2014-02-17 12:11:34','2013-04-11 17:18:11', 1,NULL,'WS','')
SELECT * FROM PREGUNTAS WHERE ID_PLANTILLA=120 ORDER BY NUM_ORDEN ASC
INSERT INTO RESPUESTAS (ID_CUESTIONARIO, ID_RESPUESTA, ID_TIPO_PREGUNTA, ID_DESCRIPCION, 
				MIN_VALOR, MAX_VALOR, MIN_LONGITUD, MAX_LONGITUD, NUM_DECIMALES, OBLIGATORIO_SN, EXCLUYENTE_SN,
				FORMULA, INFORME_SEGUIMIENTO_SN, NUM_ORDEN, TABULACION, CONDICION, NUM_ASOCIADAS, DATA_CODE, CONDITION_SATISFIED, RESPUESTA) 
		        VALUES (289, 1, 4, '7354',
				'', '', '', '', 
                                    '', 'N', 'N', 
				'', 'N', '1', 
                                '0', '', '', '', NULL, '' )
SELECT * FROM PREGUNTAS_SELECT WHERE ID_PLANTILLA=120 AND ID_PREGUNTA=1 ORDER BY NUM_ORDEN ASC
alter session set nls_date_format = 'yyyy-mm-dd hh24:mi:ss'
SELECT * FROM TBGNRUSER WHERE TOKEN=''
SELECT TXMLSHORTNAME FROM TBGNRLANGUAGE WHERE  IID=''
SELECT ID_RESPUESTA, DATA_CODE FROM RESPUESTAS WHERE DATA_CODE IN ('BIRTHDATE', 'GENDERMF', 'CDC_ETN', 'SMOK_STATUS', 'HEIGHT', 'WEIGHT') AND ID_CUESTIONARIO=289 AND RESPUESTA IS NULL
UPDATE PRESTACIONES_INGRESO SET ID_ESTADO = 12 WHERE ID_PRESTACION_INGRESO = 399
SELECT ID_ESTADO FROM CUESTIONARIOS WHERE ID_CUESTIONARIO = 289 AND ID_ESTADO = '2'
INSERT INTO CUEST_PREST_INGRESO(ID_PRESTACION_INGRESO, ID_CUESTIONARIO) VALUES (399, 289) 
SELECT DISTINCT a.ID_CUESTIONARIO AS ID FROM
                CUEST_PREST_INGRESO a, PRESTACIONES_INGRESO b, RESPUESTAS c
                WHERE b.ID_INGRESO = 209  AND
                a.ID_PRESTACION_INGRESO = b.ID_PRESTACION_INGRESO AND
                c.ID_CUESTIONARIO = a.ID_CUESTIONARIO AND
                DATA_CODE IS NOT NULL
SELECT ID_CUESTIONARIO FROM CUEST_PREST_INGRESO WHERE ID_PRESTACION_INGRESO=399
SELECT * FROM TBGNRUSER WHERE TOKEN='LC5301df21b1f3c3.01465955'
SELECT a.IIDGNRPERSON, a.IIDGNRUSER, a.ACTIVE_LANGUAGE, a.ACTIVE_ROLE, b.IIDSTFPROFESSIONAL FROM TBGNRUSER a, TBSTFPERSONPROFESSIONAL b WHERE a.TOKEN='LC5301df21b1f3c3.01465955' AND
                a.IIDGNRPERSON = b.IIDGNRPERSON
SELECT COUNT(*) AS NUMROW FROM RESPUESTAS WHERE (OBLIGATORIO_SN = 'S' AND CONDICION IS NULL
        AND dbms_lob.substr( RESPUESTA, dbms_lob.getlength(RESPUESTA),1) IS NULL AND ID_CUESTIONARIO = 289 AND
        FORMULA IS NULL)
        OR
        (OBLIGATORIO_SN = 'S' AND CONDICION IS NOT NULL AND CONDITION_SATISFIED = 1 AND dbms_lob.substr( RESPUESTA, dbms_lob.getlength(RESPUESTA),1) IS NULL
        AND ID_CUESTIONARIO = 289 AND FORMULA IS NULL )
        --OR
        --(ID_TIPO_PREGUNTA = '6' AND dbms_lob.substr( RESPUESTA, dbms_lob.getlength(RESPUESTA),1) = '1' AND ID_CUESTIONARIO = 289)
        --OR
        --(trim(FORMULA) = 'ICD9' AND dbms_lob.substr( RESPUESTA, dbms_lob.getlength(RESPUESTA),1) IS NULL AND CONDICION IS NULL  AND ID_CUESTIONARIO = 289)
        
UPDATE CUESTIONARIOS SET ID_ESTADO = 2 , USUARIO_ULTIMA_MOD = '325' WHERE ID_CUESTIONARIO = 289
SELECT FORMULA FROM RESPUESTAS WHERE ID_CUESTIONARIO = 289 AND FORMULA NOT LIKE 'ICD9%' AND FORMULA NOT LIKE 'CDC_SYN%' ORDER BY ID_RESPUESTA ASC
SELECT FORM_CODE FROM CUESTIONARIOS WHERE FORM_CODE IN ('SPIRO_PHARMA','SPIRO_ELEGIBILITY','SPIRO_PRIMARY_CARE') AND ID_CUESTIONARIO=289
SELECT b.ID_PRESTACION_INGRESO as PRESTACION, c.ID_INGRESO AS INGRESO, c.ID_TIPO_PRESTACION AS TIPO, a.ID_PLANTILLA AS PLANTILLA, c.TASK_CODE, c.FECHA_HORA_INICIO
                FROM CUESTIONARIOS a, CUEST_PREST_INGRESO b, PRESTACIONES_INGRESO c
                WHERE
                a.ID_CUESTIONARIO = b.ID_CUESTIONARIO AND
                b.ID_PRESTACION_INGRESO = c.ID_PRESTACION_INGRESO AND
                a.ID_CUESTIONARIO =289
                ORDER BY c.ID_PRESTACION_INGRESO ASC
SELECT COUNT(ID_CUESTIONARIO) AS CANTIDAD FROM CUEST_PREST_INGRESO  WHERE ID_CUESTIONARIO IN
               (SELECT ID_CUESTIONARIO FROM CUESTIONARIOS WHERE ID_ESTADO <> '2') AND ID_PRESTACION_INGRESO=399
SELECT COUNT(*) AS TOTAL FROM ROLES_PREST_INGRESO  WHERE ID_PRESTACION_INGRESO = 399 AND ID_PROFESIONAL IS NULL
UPDATE PRESTACIONES_INGRESO SET
                    ID_ESTADO = 13 WHERE ID_PRESTACION_INGRESO=399
UPDATE PRESTACIONES_INGRESO SET
                    FECHA_HORA_INICIO = to_date('2014-02-17 12:11:35', 'yyyy-mm-dd hh24:mi:ss'),
                    FECHA_ULTIMA_MODIFICACION = to_date('2014-02-17 12:11:35', 'yyyy-mm-dd hh24:mi:ss'),
                    FECHA_HORA_FIN = to_date('2014-02-17 12:11:35', 'yyyy-mm-dd hh24:mi:ss') WHERE ID_PRESTACION_INGRESO=399
UPDATE TBPRGPATIENTPROGRAMME SET DTDISCHARGEDATE = to_date('2014-02-17 12:11:35', 'yyyy-mm-dd hh24:mi:ss') WHERE IIDPATIENTPROGRAMME=209
SELECT DISTINCT ID_NOMBRE FROM PRESTACIONES_INGRESO WHERE ID_NOMBRE IN
                (SELECT ID_DESCRIPCION FROM DESCRIPCIONES WHERE DESCRIPCION = '#activity_reject' OR DESCRIPCION = '#activity_discharge')
                AND ID_PRESTACION_INGRESO IN (SELECT ID_PRESTACION_INGRESO FROM CUEST_PREST_INGRESO WHERE ID_CUESTIONARIO = 289)
SELECT DESCRIPCION FROM DESCRIPCIONES WHERE ID_DESCRIPCION=-10812
UPDATE PRESTACIONES_INGRESO SET ID_ESTADO = '99' WHERE ID_INGRESO =  209 AND ID_PRESTACION_INGRESO IN
                        (SELECT ID_PRESTACION_INGRESO FROM CUEST_PREST_INGRESO WHERE ID_CUESTIONARIO NOT IN (SELECT ID_CUESTIONARIO FROM CUESTIONARIOS WHERE ID_ESTADO = 2))
                        AND ID_ESTADO = 12 AND ID_TIPO_PRESTACION <> 'SYS' 
UPDATE PRESTACIONES_INGRESO SET ID_ESTADO = '13' WHERE ID_INGRESO =  209 AND ID_TIPO_PRESTACION = 'SYS'
UPDATE CUESTIONARIOS SET ID_ESTADO = '99' WHERE ID_ESTADO = '1' AND ID_CUESTIONARIO IN 
                        (SELECT ID_CUESTIONARIO FROM CUEST_PREST_INGRESO WHERE ID_PRESTACION_INGRESO IN 
                        (SELECT ID_PRESTACION_INGRESO FROM PRESTACIONES_INGRESO WHERE ID_INGRESO = 209))
SELECT * FROM PRESTACIONES_INGRESO WHERE ID_INGRESO =  209 AND ID_TIPO_PRESTACION = 'COM'
SELECT COUNT(*) AS CANTIDAD FROM PRESTACIONES_INGRESO WHERE ID_PRESTACION_COMPUESTA=376 AND ID_ESTADO = '13'
UPDATE PRESTACIONES_INGRESO SET ID_ESTADO = '13' WHERE ID_PRESTACION_INGRESO = 376
SELECT DESCRIPCION FROM DESCRIPCIONES WHERE ID_DESCRIPCION=-10812
UPDATE TBPRGPATIENTPROGRAMME SET IIDPRGPATIENTPROGRAMMESTATE = '4',
                                DTDISCHARGEDATE  = to_date('2014-02-17 12:11:36', 'yyyy-mm-dd hh24:mi:ss'),
                                DTADMINISTRATIVEDISCHARGEDATE  = to_date('2014-02-17 12:11:36', 'yyyy-mm-dd hh24:mi:ss')
                                WHERE IIDPATIENTPROGRAMME = '209'
SELECT COUNT(*) as TOTAL FROM RESPUESTAS WHERE EXCLUYENTE_SN = 'S' 
                AND ((dbms_lob.substr( RESPUESTA, 1, 1 ) = 'N' AND CONDICION IS NULL )
                OR (dbms_lob.substr( RESPUESTA, 1, 1 ) = CONDICION )) AND ID_CUESTIONARIO = 289
SELECT dbms_lob.substr( RESPUESTA, dbms_lob.getlength(RESPUESTA),1) as RESPUESTA FROM RESPUESTAS WHERE DATA_CODE='SPIRO_TEST' AND ID_CUESTIONARIO=289 
SELECT ID_PRESTACION_INGRESO FROM PRESTACIONES_INGRESO WHERE ID_INGRESO = 209 AND TASK_CODE = 'ENROLL'
alter session set nls_date_format = 'yyyy-mm-dd hh24:mi:ss'
SELECT SEQ_PRGPATIENTPROGRAMME_PK.NEXTVAL AS VALOR FROM DUAL

             INSERT INTO TBPRGPATIENTPROGRAMME ( 
                IIDPATIENTPROGRAMME,
                IIDPATPATIENT,
                IIDPRGPROGRAMME,
                DTREQUESTDATE,
                BACCEPTED,
                DTADMISSIONDATE,
                DTDISCHARGEDATE,
                TXNOTES,
                DTADMINISTRATIVEADMISSIONDATE,
                DTADMINISTRATIVEDISCHARGEDATE,
                IIDPRGPATIENTPROGRAMMESTATE,
                DTSUSPENDEDDATE,
                DTREJECTEDDATE,
                POSICION_NOTA_CLINICA_SAP,
                NUM_EPISODI,
                ID_PROGRAMA
             ) 
              VALUES (
                213,
                '670',
                NULL,
                '2014-02-17 12:11:36',
                'T',
                NULL,
                NULL,
                NULL,
                NULL,
                NULL,
                5,
                NULL,
                NULL,
                NULL,
                NULL,
                5
             )         
    
SELECT PRESTACIONES_INGRESO_SEQ.NEXTVAL AS VALOR FROM DUAL
SELECT D.DESCRIPCION_IDIOMA AS DESCRIP
            FROM TBTELSOURCE T,  DESCRIPCIONES_IDIOMAS D
            WHERE T.TXMLNAME='#activity_join' AND T.IIDTELSOURCE = D.ID_DESCRIPCION
            AND D.ID_IDIOMA='ES' AND TRIM(D.DESCRIPCION_IDIOMA) IS NOT NULL 
SELECT ID_DESCRIPCION FROM DESCRIPCIONES WHERE DESCRIPCION='#activity_join' AND ID_DESCRIPCION < 0 
SELECT COUNT(*) AS TOTAL FROM TIPOS_PRESTACION WHERE ID_TIPO_PRESTACION='SYS'
SELECT ID_PLANTILLA FROM PLANTILLAS_DIAGNOSTICO_PPAL WHERE ID_DIAGNOSTICO_PPAL = 17 ORDER BY ORDEN ASC
 SELECT IIDSTFROLE AS ROL FROM TBSTFROLE WHERE TXMLSHORTNAME = 'GC'
SELECT PRESTACIONES_INGRESO_SEQ.NEXTVAL AS VALOR FROM DUAL
alter session set nls_date_format = 'yyyy-mm-dd hh24:mi:ss'
INSERT INTO PRESTACIONES_INGRESO (ID_PRESTACION_INGRESO, ID_INGRESO, ID_NOMBRE, ID_DESCRIPCION,
                ID_TIPO_PRESTACION, FECHA_HORA_INICIO, MINUTOS_DURACION, FECHA_HORA_FIN, DIA_PLAN_TRABAJO,
                ID_ESTADO, FECHA_ALTA,FECHA_ULTIMA_MODIFICACION,USUARIO_ULTIMA_MODIFICACION, INFORME_SEGUIMIENTO_SN, ID_EVENTO,
                ID_PRESTACION_COMPUESTA, NUM_ORDEN, ID_MENSAJE, ID_PRESTACION, TASK_CODE)
                VALUES (401,213,-10865,-10865,
                'SYS', '2014-02-17 12:11:37', 0, TO_DATE('2014-02-17 12:11:37','yyyy-mm-dd hh24:mi:ss') + 0/1440 , '0',
                '12','2014-02-17 12:11:37','2014-02-17 12:11:37','1','N',NULL,NULL,NULL,NULL, '', 'JOIN')
SELECT * FROM TBGNRUSER WHERE TOKEN='LC5301df21b1f3c3.01465955'
SELECT IIDSTFPROFESSIONAL FROM TBSTFPERSONPROFESSIONAL WHERE IIDGNRPERSON='325'
INSERT INTO ROLES_PREST_INGRESO(ID_PRESTACION_INGRESO, ID_ROLE, ID_PROFESIONAL) 
                        VALUES (401, 24, 183) 
SELECT ID_PLANTILLA FROM PLANTILLAS WHERE FORM_CODE = 'NOTES'
UPDATE PRESTACIONES_INGRESO SET ID_ESTADO = '13' WHERE ID_PRESTACION_INGRESO =  401 AND ID_TIPO_PRESTACION = 'SYS'

       		UPDATE TBPRGPATIENTPROGRAMME SET
     		IIDPRGPATIENTPROGRAMMESTATE = 1, DTADMISSIONDATE = '2014-02-17 12:11:37', DTADMINISTRATIVEADMISSIONDATE = '2014-02-17 12:11:37', IIDPRGPROGRAMME = '17'
                WHERE IIDPATIENTPROGRAMME = 213
                

       		SELECT p.ID_PRESTACION, p.NUMERO_DIA_PLAN, e.HORA_DEFECTE
			FROM PLANTILLA_PLAN_TRABAJO p, PRESTACIONES e
			WHERE p.ID_PRESTACION=e.ID_PRESTACION AND ID_DIAGNOSTICO_PRINCIPAL = 17
			ORDER BY NUM_ORDEN ASC
            
SELECT * FROM PRESTACIONES WHERE ID_PRESTACION=242
SELECT PRESTACIONES_INGRESO_SEQ.NEXTVAL AS VALOR FROM DUAL
alter session set nls_date_format = 'yyyy-mm-dd hh24:mi:ss'
INSERT INTO PRESTACIONES_INGRESO (ID_PRESTACION_INGRESO, ID_INGRESO, ID_NOMBRE, ID_DESCRIPCION,
            ID_TIPO_PRESTACION, FECHA_HORA_INICIO, MINUTOS_DURACION, FECHA_HORA_FIN, DIA_PLAN_TRABAJO,
            ID_ESTADO, FECHA_ALTA,FECHA_ULTIMA_MODIFICACION,USUARIO_ULTIMA_MODIFICACION, INFORME_SEGUIMIENTO_SN, ID_EVENTO,
            ID_PRESTACION_COMPUESTA, NUM_ORDEN, ID_MENSAJE, ID_PRESTACION, TASK_CODE)
            VALUES (402, 213, '8789', '8790', 'COM', TO_DATE('2014-02-17 00:00:00','yyyy-mm-dd hh24:mi:ss'), '0', TO_DATE('2014-02-17 00:00:00','yyyy-mm-dd hh24:mi:ss') + 0/1440 , '1',
            '12' ,TO_DATE('2014-02-17 12:11:37','yyyy-mm-dd hh24:mi:ss'), TO_DATE('2014-02-17 12:11:37','yyyy-mm-dd hh24:mi:ss'), '1','N', NULL, NULL,NULL,NULL, '242', '')
 SELECT IIDSTFROLE AS ROL FROM TBSTFROLE WHERE TXMLSHORTNAME IN
                (SELECT r.TXMLSHORTNAME AS ROL FROM ROLES_PRESTACION p, TBSTFROLE r
                WHERE p.ID_ROLE=r.IIDSTFROLE AND ID_PRESTACION=242) 
SELECT * FROM PRESTACION_COMPUESTA WHERE ID_PRESTACION_COMPUESTA=242 ORDER BY NUM_ORDEN ASC
SELECT * FROM PRESTACIONES WHERE ID_PRESTACION=243
SELECT PRESTACIONES_INGRESO_SEQ.NEXTVAL AS VALOR FROM DUAL
alter session set nls_date_format = 'yyyy-mm-dd hh24:mi:ss'
INSERT INTO PRESTACIONES_INGRESO (ID_PRESTACION_INGRESO, ID_INGRESO, ID_NOMBRE, ID_DESCRIPCION,
            ID_TIPO_PRESTACION, FECHA_HORA_INICIO, MINUTOS_DURACION, FECHA_HORA_FIN, DIA_PLAN_TRABAJO,
            ID_ESTADO, FECHA_ALTA,FECHA_ULTIMA_MODIFICACION,USUARIO_ULTIMA_MODIFICACION, INFORME_SEGUIMIENTO_SN, ID_EVENTO,
            ID_PRESTACION_COMPUESTA, NUM_ORDEN, ID_MENSAJE, ID_PRESTACION, TASK_CODE)
            VALUES (403, 213, '8791', '8792', 'CUE', TO_DATE('2014-02-17 00:00:00','yyyy-mm-dd hh24:mi:ss'), '5', TO_DATE('2014-02-17 00:00:00','yyyy-mm-dd hh24:mi:ss') + 5/1440 , '0',
            '12' ,TO_DATE('2014-02-17 12:11:38','yyyy-mm-dd hh24:mi:ss'), TO_DATE('2014-02-17 12:11:38','yyyy-mm-dd hh24:mi:ss'), '1','N', NULL, 402, 1, NULL, '243', '')
 SELECT IIDSTFROLE AS ROL FROM TBSTFROLE WHERE TXMLSHORTNAME IN
                (SELECT r.TXMLSHORTNAME AS ROL FROM ROLES_PRESTACION p, TBSTFROLE r
                WHERE p.ID_ROLE=r.IIDSTFROLE AND ID_PRESTACION=243) 
SELECT CUESTIONARIOS_SEQ.NEXTVAL AS VALOR FROM DUAL
alter session set nls_date_format = 'yyyy-mm-dd hh24:mi:ss'
SELECT * FROM PLANTILLAS WHERE ID_PLANTILLA=162
INSERT INTO CUESTIONARIOS (ID_CUESTIONARIO, ID_PLANTILLA, ID_NOMBRE, ID_DESCRIPCION, FECHA_ALTA, 
				VERSION, ID_ESTADO, FECHA_ULTIMA_MOD, USUARIO_ULTIMA_MOD, FORM_CODE)
				VALUES (290,162, '8724', '8725',
				'2014-02-17 12:11:38','2013-10-25 14:52:45', 1,NULL,'WS','')
SELECT * FROM PREGUNTAS WHERE ID_PLANTILLA=162 ORDER BY NUM_ORDEN ASC
INSERT INTO RESPUESTAS (ID_CUESTIONARIO, ID_RESPUESTA, ID_TIPO_PREGUNTA, ID_DESCRIPCION, 
				MIN_VALOR, MAX_VALOR, MIN_LONGITUD, MAX_LONGITUD, NUM_DECIMALES, OBLIGATORIO_SN, EXCLUYENTE_SN,
				FORMULA, INFORME_SEGUIMIENTO_SN, NUM_ORDEN, TABULACION, CONDICION, NUM_ASOCIADAS, DATA_CODE, CONDITION_SATISFIED, RESPUESTA) 
		        VALUES (290, 32, 5, '8726',
				'', '', '', '', 
                                    '', 'N', 'N', 
				'', 'N', '1', 
                                '0', '', '', '', NULL, '' )
SELECT * FROM PREGUNTAS_SELECT WHERE ID_PLANTILLA=162 AND ID_PREGUNTA=32 ORDER BY NUM_ORDEN ASC
INSERT INTO RESPUESTAS (ID_CUESTIONARIO, ID_RESPUESTA, ID_TIPO_PREGUNTA, ID_DESCRIPCION, 
				MIN_VALOR, MAX_VALOR, MIN_LONGITUD, MAX_LONGITUD, NUM_DECIMALES, OBLIGATORIO_SN, EXCLUYENTE_SN,
				FORMULA, INFORME_SEGUIMIENTO_SN, NUM_ORDEN, TABULACION, CONDICION, NUM_ASOCIADAS, DATA_CODE, CONDITION_SATISFIED, RESPUESTA) 
		        VALUES (290, 1, 8, '8727',
				'', '', '', '', 
                                    '', 'N', 'N', 
				'=PAT_CIP()', 'N', '2', 
                                '2', '', '', 'PAT_CIP', NULL, '' )
SELECT * FROM PREGUNTAS_SELECT WHERE ID_PLANTILLA=162 AND ID_PREGUNTA=1 ORDER BY NUM_ORDEN ASC
INSERT INTO RESPUESTAS (ID_CUESTIONARIO, ID_RESPUESTA, ID_TIPO_PREGUNTA, ID_DESCRIPCION, 
				MIN_VALOR, MAX_VALOR, MIN_LONGITUD, MAX_LONGITUD, NUM_DECIMALES, OBLIGATORIO_SN, EXCLUYENTE_SN,
				FORMULA, INFORME_SEGUIMIENTO_SN, NUM_ORDEN, TABULACION, CONDICION, NUM_ASOCIADAS, DATA_CODE, CONDITION_SATISFIED, RESPUESTA) 
		        VALUES (290, 50, 8, '8728',
				'', '', '', '', 
                                    '', 'N', 'N', 
				'=GENDER', 'N', '3', 
                                '2', '', '', 'GENDER', NULL, '' )
SELECT * FROM PREGUNTAS_SELECT WHERE ID_PLANTILLA=162 AND ID_PREGUNTA=50 ORDER BY NUM_ORDEN ASC
INSERT INTO RESPUESTAS (ID_CUESTIONARIO, ID_RESPUESTA, ID_TIPO_PREGUNTA, ID_DESCRIPCION, 
				MIN_VALOR, MAX_VALOR, MIN_LONGITUD, MAX_LONGITUD, NUM_DECIMALES, OBLIGATORIO_SN, EXCLUYENTE_SN,
				FORMULA, INFORME_SEGUIMIENTO_SN, NUM_ORDEN, TABULACION, CONDICION, NUM_ASOCIADAS, DATA_CODE, CONDITION_SATISFIED, RESPUESTA) 
		        VALUES (290, 31, 3, '8729',
				'', '', '', '', 
                                    '', 'N', 'N', 
				'=USER()', 'N', '4', 
                                '0', '', '', 'USER', NULL, '' )
SELECT * FROM PREGUNTAS_SELECT WHERE ID_PLANTILLA=162 AND ID_PREGUNTA=31 ORDER BY NUM_ORDEN ASC
INSERT INTO RESPUESTAS (ID_CUESTIONARIO, ID_RESPUESTA, ID_TIPO_PREGUNTA, ID_DESCRIPCION, 
				MIN_VALOR, MAX_VALOR, MIN_LONGITUD, MAX_LONGITUD, NUM_DECIMALES, OBLIGATORIO_SN, EXCLUYENTE_SN,
				FORMULA, INFORME_SEGUIMIENTO_SN, NUM_ORDEN, TABULACION, CONDICION, NUM_ASOCIADAS, DATA_CODE, CONDITION_SATISFIED, RESPUESTA) 
		        VALUES (290, 2, 7, '8730',
				'', '', '', '', 
                                    '', 'N', 'N', 
				'=TODAY()', 'N', '5', 
                                '0', '', '', 'DATE_REQUEST', NULL, '' )
SELECT * FROM PREGUNTAS_SELECT WHERE ID_PLANTILLA=162 AND ID_PREGUNTA=2 ORDER BY NUM_ORDEN ASC
alter session set nls_date_format = 'yyyy-mm-dd hh24:mi:ss'
SELECT * FROM TBGNRUSER WHERE TOKEN=''
SELECT TXMLSHORTNAME FROM TBGNRLANGUAGE WHERE  IID=''
SELECT ID_RESPUESTA, DATA_CODE FROM RESPUESTAS WHERE DATA_CODE IN ('BIRTHDATE', 'GENDERMF', 'CDC_ETN', 'SMOK_STATUS', 'HEIGHT', 'WEIGHT') AND ID_CUESTIONARIO=290 AND RESPUESTA IS NULL
INSERT INTO CUEST_PREST_INGRESO(ID_PRESTACION_INGRESO, ID_CUESTIONARIO)
                    VALUES (403, 290) 
INSERT INTO CUEST_PREST_INGRESO(ID_PRESTACION_INGRESO, ID_CUESTIONARIO)
                    VALUES (402, 290) 
alter session set nls_date_format = 'yyyy-mm-dd hh24:mi:ss'
SELECT * FROM TBGNRUSER WHERE TOKEN='LC5301df21b1f3c3.01465955'
SELECT ID_RESPUESTA, DATA_CODE FROM RESPUESTAS WHERE DATA_CODE IN ('BIRTHDATE', 'GENDERMF', 'CDC_ETN', 'SMOK_STATUS', 'HEIGHT', 'WEIGHT') AND ID_CUESTIONARIO=290 AND RESPUESTA IS NULL
SELECT ID_ESTADO FROM CUESTIONARIOS WHERE ID_CUESTIONARIO = 290 AND ID_ESTADO = '2'
SELECT * FROM PRESTACIONES WHERE ID_PRESTACION=226
SELECT PRESTACIONES_INGRESO_SEQ.NEXTVAL AS VALOR FROM DUAL
alter session set nls_date_format = 'yyyy-mm-dd hh24:mi:ss'
INSERT INTO PRESTACIONES_INGRESO (ID_PRESTACION_INGRESO, ID_INGRESO, ID_NOMBRE, ID_DESCRIPCION,
            ID_TIPO_PRESTACION, FECHA_HORA_INICIO, MINUTOS_DURACION, FECHA_HORA_FIN, DIA_PLAN_TRABAJO,
            ID_ESTADO, FECHA_ALTA,FECHA_ULTIMA_MODIFICACION,USUARIO_ULTIMA_MODIFICACION, INFORME_SEGUIMIENTO_SN, ID_EVENTO,
            ID_PRESTACION_COMPUESTA, NUM_ORDEN, ID_MENSAJE, ID_PRESTACION, TASK_CODE)
            VALUES (404, 213, '8757', '8758', 'CUE', TO_DATE('2014-02-17 00:00:00','yyyy-mm-dd hh24:mi:ss'), '15', TO_DATE('2014-02-17 00:00:00','yyyy-mm-dd hh24:mi:ss') + 15/1440 , '0',
            '12' ,TO_DATE('2014-02-17 12:11:40','yyyy-mm-dd hh24:mi:ss'), TO_DATE('2014-02-17 12:11:40','yyyy-mm-dd hh24:mi:ss'), '1','N', NULL, 402, 2, NULL, '226', '')
 SELECT IIDSTFROLE AS ROL FROM TBSTFROLE WHERE TXMLSHORTNAME IN
                (SELECT r.TXMLSHORTNAME AS ROL FROM ROLES_PRESTACION p, TBSTFROLE r
                WHERE p.ID_ROLE=r.IIDSTFROLE AND ID_PRESTACION=226) 
SELECT CUESTIONARIOS_SEQ.NEXTVAL AS VALOR FROM DUAL
alter session set nls_date_format = 'yyyy-mm-dd hh24:mi:ss'
SELECT * FROM PLANTILLAS WHERE ID_PLANTILLA=157
INSERT INTO CUESTIONARIOS (ID_CUESTIONARIO, ID_PLANTILLA, ID_NOMBRE, ID_DESCRIPCION, FECHA_ALTA, 
				VERSION, ID_ESTADO, FECHA_ULTIMA_MOD, USUARIO_ULTIMA_MOD, FORM_CODE)
				VALUES (291,157, '8626', '8627',
				'2014-02-17 12:11:40','2013-10-25 15:04:34', 1,NULL,'WS','')
SELECT * FROM PREGUNTAS WHERE ID_PLANTILLA=157 ORDER BY NUM_ORDEN ASC
INSERT INTO RESPUESTAS (ID_CUESTIONARIO, ID_RESPUESTA, ID_TIPO_PREGUNTA, ID_DESCRIPCION, 
				MIN_VALOR, MAX_VALOR, MIN_LONGITUD, MAX_LONGITUD, NUM_DECIMALES, OBLIGATORIO_SN, EXCLUYENTE_SN,
				FORMULA, INFORME_SEGUIMIENTO_SN, NUM_ORDEN, TABULACION, CONDICION, NUM_ASOCIADAS, DATA_CODE, CONDITION_SATISFIED, RESPUESTA) 
		        VALUES (291, 4, 11, '8628',
				'', '', '', '', 
                                    '', 'N', 'N', 
				'', 'N', '1', 
                                '0', '', '', 'PRESC_MAINDIAG', NULL, '' )
SELECT * FROM PREGUNTAS_SELECT WHERE ID_PLANTILLA=157 AND ID_PREGUNTA=4 ORDER BY NUM_ORDEN ASC
INSERT INTO RESPUESTAS (ID_CUESTIONARIO, ID_RESPUESTA, ID_TIPO_PREGUNTA, ID_DESCRIPCION, 
				MIN_VALOR, MAX_VALOR, MIN_LONGITUD, MAX_LONGITUD, NUM_DECIMALES, OBLIGATORIO_SN, EXCLUYENTE_SN,
				FORMULA, INFORME_SEGUIMIENTO_SN, NUM_ORDEN, TABULACION, CONDICION, NUM_ASOCIADAS, DATA_CODE, CONDITION_SATISFIED, RESPUESTA) 
		        VALUES (291, 36, 11, '8629',
				'', '', '', '', 
                                    '', 'N', 'N', 
				'', 'N', '2', 
                                '2', '$4,1', '', 'PRESC_DIAGNRESP', '0', '' )
SELECT * FROM PREGUNTAS_SELECT WHERE ID_PLANTILLA=157 AND ID_PREGUNTA=36 ORDER BY NUM_ORDEN ASC
INSERT INTO RESPUESTAS (ID_CUESTIONARIO, ID_RESPUESTA, ID_TIPO_PREGUNTA, ID_DESCRIPCION, 
				MIN_VALOR, MAX_VALOR, MIN_LONGITUD, MAX_LONGITUD, NUM_DECIMALES, OBLIGATORIO_SN, EXCLUYENTE_SN,
				FORMULA, INFORME_SEGUIMIENTO_SN, NUM_ORDEN, TABULACION, CONDICION, NUM_ASOCIADAS, DATA_CODE, CONDITION_SATISFIED, RESPUESTA) 
		        VALUES (291, 37, 11, '8630',
				'', '', '', '', 
                                    '', 'N', 'N', 
				'', 'N', '3', 
                                '2', '$4,2', '', 'PRESC_DIAGNCARD', '0', '' )
SELECT * FROM PREGUNTAS_SELECT WHERE ID_PLANTILLA=157 AND ID_PREGUNTA=37 ORDER BY NUM_ORDEN ASC
INSERT INTO RESPUESTAS (ID_CUESTIONARIO, ID_RESPUESTA, ID_TIPO_PREGUNTA, ID_DESCRIPCION, 
				MIN_VALOR, MAX_VALOR, MIN_LONGITUD, MAX_LONGITUD, NUM_DECIMALES, OBLIGATORIO_SN, EXCLUYENTE_SN,
				FORMULA, INFORME_SEGUIMIENTO_SN, NUM_ORDEN, TABULACION, CONDICION, NUM_ASOCIADAS, DATA_CODE, CONDITION_SATISFIED, RESPUESTA) 
		        VALUES (291, 5, 5, '8631',
				'', '', '', '', 
                                    '', 'N', 'N', 
				'', 'N', '4', 
                                '0', '$36,1', '', '', '0', '' )
SELECT * FROM PREGUNTAS_SELECT WHERE ID_PLANTILLA=157 AND ID_PREGUNTA=5 ORDER BY NUM_ORDEN ASC
INSERT INTO RESPUESTAS (ID_CUESTIONARIO, ID_RESPUESTA, ID_TIPO_PREGUNTA, ID_DESCRIPCION, 
				MIN_VALOR, MAX_VALOR, MIN_LONGITUD, MAX_LONGITUD, NUM_DECIMALES, OBLIGATORIO_SN, EXCLUYENTE_SN,
				FORMULA, INFORME_SEGUIMIENTO_SN, NUM_ORDEN, TABULACION, CONDICION, NUM_ASOCIADAS, DATA_CODE, CONDITION_SATISFIED, RESPUESTA) 
		        VALUES (291, 6, 1, '8632',
				'', '7', '', '', 
                                    '2', 'N', 'N', 
				'', 'N', '5', 
                                '2', '$36,1', '', 'PRESC_FS_FEV1L', '0', '' )
SELECT * FROM PREGUNTAS_SELECT WHERE ID_PLANTILLA=157 AND ID_PREGUNTA=6 ORDER BY NUM_ORDEN ASC
INSERT INTO RESPUESTAS (ID_CUESTIONARIO, ID_RESPUESTA, ID_TIPO_PREGUNTA, ID_DESCRIPCION, 
				MIN_VALOR, MAX_VALOR, MIN_LONGITUD, MAX_LONGITUD, NUM_DECIMALES, OBLIGATORIO_SN, EXCLUYENTE_SN,
				FORMULA, INFORME_SEGUIMIENTO_SN, NUM_ORDEN, TABULACION, CONDICION, NUM_ASOCIADAS, DATA_CODE, CONDITION_SATISFIED, RESPUESTA) 
		        VALUES (291, 38, 1, '8633',
				'', '100', '', '', 
                                    '2', 'N', 'N', 
				'', 'N', '6', 
                                '2', '$36,1', '', 'PRESC_FS_FEV1%', '0', '' )
SELECT * FROM PREGUNTAS_SELECT WHERE ID_PLANTILLA=157 AND ID_PREGUNTA=38 ORDER BY NUM_ORDEN ASC
INSERT INTO RESPUESTAS (ID_CUESTIONARIO, ID_RESPUESTA, ID_TIPO_PREGUNTA, ID_DESCRIPCION, 
				MIN_VALOR, MAX_VALOR, MIN_LONGITUD, MAX_LONGITUD, NUM_DECIMALES, OBLIGATORIO_SN, EXCLUYENTE_SN,
				FORMULA, INFORME_SEGUIMIENTO_SN, NUM_ORDEN, TABULACION, CONDICION, NUM_ASOCIADAS, DATA_CODE, CONDITION_SATISFIED, RESPUESTA) 
		        VALUES (291, 7, 1, '8634',
				'', '7', '', '', 
                                    '2', 'N', 'N', 
				'', 'N', '7', 
                                '2', '$36,1', '', 'PRESC_FS_FVCL', '0', '' )
SELECT * FROM PREGUNTAS_SELECT WHERE ID_PLANTILLA=157 AND ID_PREGUNTA=7 ORDER BY NUM_ORDEN ASC
INSERT INTO RESPUESTAS (ID_CUESTIONARIO, ID_RESPUESTA, ID_TIPO_PREGUNTA, ID_DESCRIPCION, 
				MIN_VALOR, MAX_VALOR, MIN_LONGITUD, MAX_LONGITUD, NUM_DECIMALES, OBLIGATORIO_SN, EXCLUYENTE_SN,
				FORMULA, INFORME_SEGUIMIENTO_SN, NUM_ORDEN, TABULACION, CONDICION, NUM_ASOCIADAS, DATA_CODE, CONDITION_SATISFIED, RESPUESTA) 
		        VALUES (291, 39, 1, '8635',
				'', '100', '', '', 
                                    '2', 'N', 'N', 
				'', 'N', '8', 
                                '2', '$36,1', '', 'PRESC_FS_FVC%', '0', '' )
SELECT * FROM PREGUNTAS_SELECT WHERE ID_PLANTILLA=157 AND ID_PREGUNTA=39 ORDER BY NUM_ORDEN ASC
INSERT INTO RESPUESTAS (ID_CUESTIONARIO, ID_RESPUESTA, ID_TIPO_PREGUNTA, ID_DESCRIPCION, 
				MIN_VALOR, MAX_VALOR, MIN_LONGITUD, MAX_LONGITUD, NUM_DECIMALES, OBLIGATORIO_SN, EXCLUYENTE_SN,
				FORMULA, INFORME_SEGUIMIENTO_SN, NUM_ORDEN, TABULACION, CONDICION, NUM_ASOCIADAS, DATA_CODE, CONDITION_SATISFIED, RESPUESTA) 
		        VALUES (291, 8, 1, '8636',
				'', '100', '', '', 
                                    '', 'N', 'N', 
				'', 'N', '9', 
                                '2', '$36,1', '', 'PRESC_FS_FEVFVC', '0', '' )
SELECT * FROM PREGUNTAS_SELECT WHERE ID_PLANTILLA=157 AND ID_PREGUNTA=8 ORDER BY NUM_ORDEN ASC
INSERT INTO RESPUESTAS (ID_CUESTIONARIO, ID_RESPUESTA, ID_TIPO_PREGUNTA, ID_DESCRIPCION, 
				MIN_VALOR, MAX_VALOR, MIN_LONGITUD, MAX_LONGITUD, NUM_DECIMALES, OBLIGATORIO_SN, EXCLUYENTE_SN,
				FORMULA, INFORME_SEGUIMIENTO_SN, NUM_ORDEN, TABULACION, CONDICION, NUM_ASOCIADAS, DATA_CODE, CONDITION_SATISFIED, RESPUESTA) 
		        VALUES (291, 9, 7, '8637',
				'', '', '', '', 
                                    '', 'N', 'N', 
				'', 'N', '10', 
                                '2', '$36,1', '', 'PRESC_FS_DATE', '0', '' )
SELECT * FROM PREGUNTAS_SELECT WHERE ID_PLANTILLA=157 AND ID_PREGUNTA=9 ORDER BY NUM_ORDEN ASC
INSERT INTO RESPUESTAS (ID_CUESTIONARIO, ID_RESPUESTA, ID_TIPO_PREGUNTA, ID_DESCRIPCION, 
				MIN_VALOR, MAX_VALOR, MIN_LONGITUD, MAX_LONGITUD, NUM_DECIMALES, OBLIGATORIO_SN, EXCLUYENTE_SN,
				FORMULA, INFORME_SEGUIMIENTO_SN, NUM_ORDEN, TABULACION, CONDICION, NUM_ASOCIADAS, DATA_CODE, CONDITION_SATISFIED, RESPUESTA) 
		        VALUES (291, 10, 2, '8638',
				'', '', '', '', 
                                    '', 'N', 'N', 
				'', 'N', '11', 
                                '0', '', '', '', NULL, '' )
SELECT * FROM PREGUNTAS_SELECT WHERE ID_PLANTILLA=157 AND ID_PREGUNTA=10 ORDER BY NUM_ORDEN ASC
INSERT INTO RESPUESTAS (ID_CUESTIONARIO, ID_RESPUESTA, ID_TIPO_PREGUNTA, ID_DESCRIPCION, 
				MIN_VALOR, MAX_VALOR, MIN_LONGITUD, MAX_LONGITUD, NUM_DECIMALES, OBLIGATORIO_SN, EXCLUYENTE_SN,
				FORMULA, INFORME_SEGUIMIENTO_SN, NUM_ORDEN, TABULACION, CONDICION, NUM_ASOCIADAS, DATA_CODE, CONDITION_SATISFIED, RESPUESTA) 
		        VALUES (291, 11, 1, '8639',
				'1', '14', '', '', 
                                    '2', 'N', 'N', 
				'', 'N', '12', 
                                '2', '$10,S', '', 'PRESC_ABS_PH', '0', '' )
SELECT * FROM PREGUNTAS_SELECT WHERE ID_PLANTILLA=157 AND ID_PREGUNTA=11 ORDER BY NUM_ORDEN ASC
INSERT INTO RESPUESTAS (ID_CUESTIONARIO, ID_RESPUESTA, ID_TIPO_PREGUNTA, ID_DESCRIPCION, 
				MIN_VALOR, MAX_VALOR, MIN_LONGITUD, MAX_LONGITUD, NUM_DECIMALES, OBLIGATORIO_SN, EXCLUYENTE_SN,
				FORMULA, INFORME_SEGUIMIENTO_SN, NUM_ORDEN, TABULACION, CONDICION, NUM_ASOCIADAS, DATA_CODE, CONDITION_SATISFIED, RESPUESTA) 
		        VALUES (291, 12, 1, '8640',
				'', '', '', '', 
                                    '', 'N', 'N', 
				'', 'N', '13', 
                                '2', '$10,S', '', 'PRESC_ABS_PO2', '0', '' )
SELECT * FROM PREGUNTAS_SELECT WHERE ID_PLANTILLA=157 AND ID_PREGUNTA=12 ORDER BY NUM_ORDEN ASC
INSERT INTO RESPUESTAS (ID_CUESTIONARIO, ID_RESPUESTA, ID_TIPO_PREGUNTA, ID_DESCRIPCION, 
				MIN_VALOR, MAX_VALOR, MIN_LONGITUD, MAX_LONGITUD, NUM_DECIMALES, OBLIGATORIO_SN, EXCLUYENTE_SN,
				FORMULA, INFORME_SEGUIMIENTO_SN, NUM_ORDEN, TABULACION, CONDICION, NUM_ASOCIADAS, DATA_CODE, CONDITION_SATISFIED, RESPUESTA) 
		        VALUES (291, 40, 13, '8641',
				'', '', '', '', 
                                    '', 'N', 'N', 
				'', 'N', '14', 
                                '4', '$10,S', '', 'PRESC_ABS_PO2EV', '0', '' )
SELECT * FROM PREGUNTAS_SELECT WHERE ID_PLANTILLA=157 AND ID_PREGUNTA=40 ORDER BY NUM_ORDEN ASC
INSERT INTO RESPUESTAS (ID_CUESTIONARIO, ID_RESPUESTA, ID_TIPO_PREGUNTA, ID_DESCRIPCION, 
				MIN_VALOR, MAX_VALOR, MIN_LONGITUD, MAX_LONGITUD, NUM_DECIMALES, OBLIGATORIO_SN, EXCLUYENTE_SN,
				FORMULA, INFORME_SEGUIMIENTO_SN, NUM_ORDEN, TABULACION, CONDICION, NUM_ASOCIADAS, DATA_CODE, CONDITION_SATISFIED, RESPUESTA) 
		        VALUES (291, 13, 1, '8642',
				'', '', '', '', 
                                    '', 'N', 'N', 
				'', 'N', '15', 
                                '2', '$10,S', '', 'PRESC_ABS_PCO2', '0', '' )
SELECT * FROM PREGUNTAS_SELECT WHERE ID_PLANTILLA=157 AND ID_PREGUNTA=13 ORDER BY NUM_ORDEN ASC
INSERT INTO RESPUESTAS (ID_CUESTIONARIO, ID_RESPUESTA, ID_TIPO_PREGUNTA, ID_DESCRIPCION, 
				MIN_VALOR, MAX_VALOR, MIN_LONGITUD, MAX_LONGITUD, NUM_DECIMALES, OBLIGATORIO_SN, EXCLUYENTE_SN,
				FORMULA, INFORME_SEGUIMIENTO_SN, NUM_ORDEN, TABULACION, CONDICION, NUM_ASOCIADAS, DATA_CODE, CONDITION_SATISFIED, RESPUESTA) 
		        VALUES (291, 14, 1, '8643',
				'', '', '', '', 
                                    '', 'N', 'N', 
				'', 'N', '16', 
                                '2', '$10,S', '', 'PRESC_ABS_BE ', '0', '' )
SELECT * FROM PREGUNTAS_SELECT WHERE ID_PLANTILLA=157 AND ID_PREGUNTA=14 ORDER BY NUM_ORDEN ASC
INSERT INTO RESPUESTAS (ID_CUESTIONARIO, ID_RESPUESTA, ID_TIPO_PREGUNTA, ID_DESCRIPCION, 
				MIN_VALOR, MAX_VALOR, MIN_LONGITUD, MAX_LONGITUD, NUM_DECIMALES, OBLIGATORIO_SN, EXCLUYENTE_SN,
				FORMULA, INFORME_SEGUIMIENTO_SN, NUM_ORDEN, TABULACION, CONDICION, NUM_ASOCIADAS, DATA_CODE, CONDITION_SATISFIED, RESPUESTA) 
		        VALUES (291, 15, 11, '8644',
				'', '', '', '', 
                                    '', 'N', 'N', 
				'', 'N', '17', 
                                '2', '$10,S', '', 'PRESC_ABS_O2?', '0', '' )
SELECT * FROM PREGUNTAS_SELECT WHERE ID_PLANTILLA=157 AND ID_PREGUNTA=15 ORDER BY NUM_ORDEN ASC
INSERT INTO RESPUESTAS (ID_CUESTIONARIO, ID_RESPUESTA, ID_TIPO_PREGUNTA, ID_DESCRIPCION, 
				MIN_VALOR, MAX_VALOR, MIN_LONGITUD, MAX_LONGITUD, NUM_DECIMALES, OBLIGATORIO_SN, EXCLUYENTE_SN,
				FORMULA, INFORME_SEGUIMIENTO_SN, NUM_ORDEN, TABULACION, CONDICION, NUM_ASOCIADAS, DATA_CODE, CONDITION_SATISFIED, RESPUESTA) 
		        VALUES (291, 16, 1, '8645',
				'', '', '', '', 
                                    '1', 'N', 'N', 
				'', 'N', '18', 
                                '4', '$15,2', '', 'PRESC_ABS_O2L', '0', '' )
SELECT * FROM PREGUNTAS_SELECT WHERE ID_PLANTILLA=157 AND ID_PREGUNTA=16 ORDER BY NUM_ORDEN ASC
INSERT INTO RESPUESTAS (ID_CUESTIONARIO, ID_RESPUESTA, ID_TIPO_PREGUNTA, ID_DESCRIPCION, 
				MIN_VALOR, MAX_VALOR, MIN_LONGITUD, MAX_LONGITUD, NUM_DECIMALES, OBLIGATORIO_SN, EXCLUYENTE_SN,
				FORMULA, INFORME_SEGUIMIENTO_SN, NUM_ORDEN, TABULACION, CONDICION, NUM_ASOCIADAS, DATA_CODE, CONDITION_SATISFIED, RESPUESTA) 
		        VALUES (291, 17, 1, '8646',
				'', '', '', '', 
                                    '', 'N', 'N', 
				'', 'N', '19', 
                                '0', '', '', 'PRESC_SATO2', NULL, '' )
SELECT * FROM PREGUNTAS_SELECT WHERE ID_PLANTILLA=157 AND ID_PREGUNTA=17 ORDER BY NUM_ORDEN ASC
INSERT INTO RESPUESTAS (ID_CUESTIONARIO, ID_RESPUESTA, ID_TIPO_PREGUNTA, ID_DESCRIPCION, 
				MIN_VALOR, MAX_VALOR, MIN_LONGITUD, MAX_LONGITUD, NUM_DECIMALES, OBLIGATORIO_SN, EXCLUYENTE_SN,
				FORMULA, INFORME_SEGUIMIENTO_SN, NUM_ORDEN, TABULACION, CONDICION, NUM_ASOCIADAS, DATA_CODE, CONDITION_SATISFIED, RESPUESTA) 
		        VALUES (291, 51, 2, '8647',
				'', '', '', '', 
                                    '', 'N', 'N', 
				'', 'N', '20', 
                                '0', '', '', 'PRESCRIPTION?', NULL, '' )
SELECT * FROM PREGUNTAS_SELECT WHERE ID_PLANTILLA=157 AND ID_PREGUNTA=51 ORDER BY NUM_ORDEN ASC
INSERT INTO RESPUESTAS (ID_CUESTIONARIO, ID_RESPUESTA, ID_TIPO_PREGUNTA, ID_DESCRIPCION, 
				MIN_VALOR, MAX_VALOR, MIN_LONGITUD, MAX_LONGITUD, NUM_DECIMALES, OBLIGATORIO_SN, EXCLUYENTE_SN,
				FORMULA, INFORME_SEGUIMIENTO_SN, NUM_ORDEN, TABULACION, CONDICION, NUM_ASOCIADAS, DATA_CODE, CONDITION_SATISFIED, RESPUESTA) 
		        VALUES (291, 52, 4, '8648',
				'', '', '', '', 
                                    '', 'N', 'N', 
				'', 'N', '21', 
                                '0', '$51,S', '', 'PRESCNOCRIT_COMMENT', '0', '' )
SELECT * FROM PREGUNTAS_SELECT WHERE ID_PLANTILLA=157 AND ID_PREGUNTA=52 ORDER BY NUM_ORDEN ASC
INSERT INTO RESPUESTAS (ID_CUESTIONARIO, ID_RESPUESTA, ID_TIPO_PREGUNTA, ID_DESCRIPCION, 
				MIN_VALOR, MAX_VALOR, MIN_LONGITUD, MAX_LONGITUD, NUM_DECIMALES, OBLIGATORIO_SN, EXCLUYENTE_SN,
				FORMULA, INFORME_SEGUIMIENTO_SN, NUM_ORDEN, TABULACION, CONDICION, NUM_ASOCIADAS, DATA_CODE, CONDITION_SATISFIED, RESPUESTA) 
		        VALUES (291, 30, 4, '8649',
				'', '', '', '', 
                                    '', 'N', 'N', 
				'', 'N', '22', 
                                '0', '', '', 'PRESC_COMMENT', NULL, '' )
SELECT * FROM PREGUNTAS_SELECT WHERE ID_PLANTILLA=157 AND ID_PREGUNTA=30 ORDER BY NUM_ORDEN ASC
alter session set nls_date_format = 'yyyy-mm-dd hh24:mi:ss'
SELECT * FROM TBGNRUSER WHERE TOKEN=''
SELECT TXMLSHORTNAME FROM TBGNRLANGUAGE WHERE  IID=''
SELECT ID_RESPUESTA, DATA_CODE FROM RESPUESTAS WHERE DATA_CODE IN ('BIRTHDATE', 'GENDERMF', 'CDC_ETN', 'SMOK_STATUS', 'HEIGHT', 'WEIGHT') AND ID_CUESTIONARIO=291 AND RESPUESTA IS NULL
INSERT INTO CUEST_PREST_INGRESO(ID_PRESTACION_INGRESO, ID_CUESTIONARIO)
                    VALUES (404, 291) 
INSERT INTO CUEST_PREST_INGRESO(ID_PRESTACION_INGRESO, ID_CUESTIONARIO)
                    VALUES (402, 291) 
alter session set nls_date_format = 'yyyy-mm-dd hh24:mi:ss'
SELECT * FROM TBGNRUSER WHERE TOKEN='LC5301df21b1f3c3.01465955'
SELECT ID_RESPUESTA, DATA_CODE FROM RESPUESTAS WHERE DATA_CODE IN ('BIRTHDATE', 'GENDERMF', 'CDC_ETN', 'SMOK_STATUS', 'HEIGHT', 'WEIGHT') AND ID_CUESTIONARIO=291 AND RESPUESTA IS NULL
SELECT ID_ESTADO FROM CUESTIONARIOS WHERE ID_CUESTIONARIO = 291 AND ID_ESTADO = '2'
SELECT * FROM PRESTACIONES WHERE ID_PRESTACION=239
SELECT PRESTACIONES_INGRESO_SEQ.NEXTVAL AS VALOR FROM DUAL
alter session set nls_date_format = 'yyyy-mm-dd hh24:mi:ss'
INSERT INTO PRESTACIONES_INGRESO (ID_PRESTACION_INGRESO, ID_INGRESO, ID_NOMBRE, ID_DESCRIPCION,
            ID_TIPO_PRESTACION, FECHA_HORA_INICIO, MINUTOS_DURACION, FECHA_HORA_FIN, DIA_PLAN_TRABAJO,
            ID_ESTADO, FECHA_ALTA,FECHA_ULTIMA_MODIFICACION,USUARIO_ULTIMA_MODIFICACION, INFORME_SEGUIMIENTO_SN, ID_EVENTO,
            ID_PRESTACION_COMPUESTA, NUM_ORDEN, ID_MENSAJE, ID_PRESTACION, TASK_CODE)
            VALUES (405, 213, '8783', '8784', 'CUE', TO_DATE('2014-02-17 00:00:00','yyyy-mm-dd hh24:mi:ss'), '10', TO_DATE('2014-02-17 00:00:00','yyyy-mm-dd hh24:mi:ss') + 10/1440 , '0',
            '12' ,TO_DATE('2014-02-17 12:11:43','yyyy-mm-dd hh24:mi:ss'), TO_DATE('2014-02-17 12:11:43','yyyy-mm-dd hh24:mi:ss'), '1','N', NULL, 402, 3, NULL, '239', 'PRESC')
 SELECT IIDSTFROLE AS ROL FROM TBSTFROLE WHERE TXMLSHORTNAME IN
                (SELECT r.TXMLSHORTNAME AS ROL FROM ROLES_PRESTACION p, TBSTFROLE r
                WHERE p.ID_ROLE=r.IIDSTFROLE AND ID_PRESTACION=239) 
SELECT CUESTIONARIOS_SEQ.NEXTVAL AS VALOR FROM DUAL
alter session set nls_date_format = 'yyyy-mm-dd hh24:mi:ss'
SELECT * FROM PLANTILLAS WHERE ID_PLANTILLA=158
INSERT INTO CUESTIONARIOS (ID_CUESTIONARIO, ID_PLANTILLA, ID_NOMBRE, ID_DESCRIPCION, FECHA_ALTA, 
				VERSION, ID_ESTADO, FECHA_ULTIMA_MOD, USUARIO_ULTIMA_MOD, FORM_CODE)
				VALUES (292,158, '8651', '8652',
				'2014-02-17 12:11:44','2013-10-25 20:00:33', 1,NULL,'WS','PRESC')
SELECT * FROM PREGUNTAS WHERE ID_PLANTILLA=158 ORDER BY NUM_ORDEN ASC
INSERT INTO RESPUESTAS (ID_CUESTIONARIO, ID_RESPUESTA, ID_TIPO_PREGUNTA, ID_DESCRIPCION, 
				MIN_VALOR, MAX_VALOR, MIN_LONGITUD, MAX_LONGITUD, NUM_DECIMALES, OBLIGATORIO_SN, EXCLUYENTE_SN,
				FORMULA, INFORME_SEGUIMIENTO_SN, NUM_ORDEN, TABULACION, CONDICION, NUM_ASOCIADAS, DATA_CODE, CONDITION_SATISFIED, RESPUESTA) 
		        VALUES (292, 3, 11, '8653',
				'', '', '', '', 
                                    '', 'N', 'N', 
				'', 'N', '1', 
                                '0', '', '', 'PRESC_TYPE', NULL, '' )
SELECT * FROM PREGUNTAS_SELECT WHERE ID_PLANTILLA=158 AND ID_PREGUNTA=3 ORDER BY NUM_ORDEN ASC
INSERT INTO RESPUESTAS (ID_CUESTIONARIO, ID_RESPUESTA, ID_TIPO_PREGUNTA, ID_DESCRIPCION, 
				MIN_VALOR, MAX_VALOR, MIN_LONGITUD, MAX_LONGITUD, NUM_DECIMALES, OBLIGATORIO_SN, EXCLUYENTE_SN,
				FORMULA, INFORME_SEGUIMIENTO_SN, NUM_ORDEN, TABULACION, CONDICION, NUM_ASOCIADAS, DATA_CODE, CONDITION_SATISFIED, RESPUESTA) 
		        VALUES (292, 34, 7, '8654',
				'', '', '', '', 
                                    '', 'N', 'N', 
				'', 'N', '2', 
                                '4', '$3,1', '', 'PRESC_INIDATE', '0', '' )
SELECT * FROM PREGUNTAS_SELECT WHERE ID_PLANTILLA=158 AND ID_PREGUNTA=34 ORDER BY NUM_ORDEN ASC
INSERT INTO RESPUESTAS (ID_CUESTIONARIO, ID_RESPUESTA, ID_TIPO_PREGUNTA, ID_DESCRIPCION, 
				MIN_VALOR, MAX_VALOR, MIN_LONGITUD, MAX_LONGITUD, NUM_DECIMALES, OBLIGATORIO_SN, EXCLUYENTE_SN,
				FORMULA, INFORME_SEGUIMIENTO_SN, NUM_ORDEN, TABULACION, CONDICION, NUM_ASOCIADAS, DATA_CODE, CONDITION_SATISFIED, RESPUESTA) 
		        VALUES (292, 18, 11, '8655',
				'', '', '', '', 
                                    '', 'N', 'N', 
				'', 'N', '3', 
                                '0', '', '', 'PRESC_PATSIT', NULL, '' )
SELECT * FROM PREGUNTAS_SELECT WHERE ID_PLANTILLA=158 AND ID_PREGUNTA=18 ORDER BY NUM_ORDEN ASC
INSERT INTO RESPUESTAS (ID_CUESTIONARIO, ID_RESPUESTA, ID_TIPO_PREGUNTA, ID_DESCRIPCION, 
				MIN_VALOR, MAX_VALOR, MIN_LONGITUD, MAX_LONGITUD, NUM_DECIMALES, OBLIGATORIO_SN, EXCLUYENTE_SN,
				FORMULA, INFORME_SEGUIMIENTO_SN, NUM_ORDEN, TABULACION, CONDICION, NUM_ASOCIADAS, DATA_CODE, CONDITION_SATISFIED, RESPUESTA) 
		        VALUES (292, 19, 11, '8656',
				'', '', '', '', 
                                    '', 'N', 'N', 
				'', 'N', '4', 
                                '0', '', '', 'PRESC_DEVTYPE', NULL, '' )
SELECT * FROM PREGUNTAS_SELECT WHERE ID_PLANTILLA=158 AND ID_PREGUNTA=19 ORDER BY NUM_ORDEN ASC
INSERT INTO RESPUESTAS (ID_CUESTIONARIO, ID_RESPUESTA, ID_TIPO_PREGUNTA, ID_DESCRIPCION, 
				MIN_VALOR, MAX_VALOR, MIN_LONGITUD, MAX_LONGITUD, NUM_DECIMALES, OBLIGATORIO_SN, EXCLUYENTE_SN,
				FORMULA, INFORME_SEGUIMIENTO_SN, NUM_ORDEN, TABULACION, CONDICION, NUM_ASOCIADAS, DATA_CODE, CONDITION_SATISFIED, RESPUESTA) 
		        VALUES (292, 23, 11, '8657',
				'', '', '', '', 
                                    '', 'N', 'N', 
				'', 'N', '5', 
                                '0', '', '', 'PRESC_DELSYST', NULL, '' )
SELECT * FROM PREGUNTAS_SELECT WHERE ID_PLANTILLA=158 AND ID_PREGUNTA=23 ORDER BY NUM_ORDEN ASC
INSERT INTO RESPUESTAS (ID_CUESTIONARIO, ID_RESPUESTA, ID_TIPO_PREGUNTA, ID_DESCRIPCION, 
				MIN_VALOR, MAX_VALOR, MIN_LONGITUD, MAX_LONGITUD, NUM_DECIMALES, OBLIGATORIO_SN, EXCLUYENTE_SN,
				FORMULA, INFORME_SEGUIMIENTO_SN, NUM_ORDEN, TABULACION, CONDICION, NUM_ASOCIADAS, DATA_CODE, CONDITION_SATISFIED, RESPUESTA) 
		        VALUES (292, 44, 1, '8658',
				'', '', '', '', 
                                    '', 'N', 'N', 
				'', 'N', '6', 
                                '2', '$23,2', '', 'MASK%', '0', '' )
SELECT * FROM PREGUNTAS_SELECT WHERE ID_PLANTILLA=158 AND ID_PREGUNTA=44 ORDER BY NUM_ORDEN ASC
INSERT INTO RESPUESTAS (ID_CUESTIONARIO, ID_RESPUESTA, ID_TIPO_PREGUNTA, ID_DESCRIPCION, 
				MIN_VALOR, MAX_VALOR, MIN_LONGITUD, MAX_LONGITUD, NUM_DECIMALES, OBLIGATORIO_SN, EXCLUYENTE_SN,
				FORMULA, INFORME_SEGUIMIENTO_SN, NUM_ORDEN, TABULACION, CONDICION, NUM_ASOCIADAS, DATA_CODE, CONDITION_SATISFIED, RESPUESTA) 
		        VALUES (292, 42, 2, '8659',
				'', '', '', '', 
                                    '', 'N', 'N', 
				'', 'N', '7', 
                                '2', '', '', 'HUMI?', NULL, '' )
SELECT * FROM PREGUNTAS_SELECT WHERE ID_PLANTILLA=158 AND ID_PREGUNTA=42 ORDER BY NUM_ORDEN ASC
INSERT INTO RESPUESTAS (ID_CUESTIONARIO, ID_RESPUESTA, ID_TIPO_PREGUNTA, ID_DESCRIPCION, 
				MIN_VALOR, MAX_VALOR, MIN_LONGITUD, MAX_LONGITUD, NUM_DECIMALES, OBLIGATORIO_SN, EXCLUYENTE_SN,
				FORMULA, INFORME_SEGUIMIENTO_SN, NUM_ORDEN, TABULACION, CONDICION, NUM_ASOCIADAS, DATA_CODE, CONDITION_SATISFIED, RESPUESTA) 
		        VALUES (292, 46, 1, '8660',
				'', '3.5', '', '', 
                                    '1', 'N', 'N', 
				'', 'N', '8', 
                                '0', '', '', 'PRESC_FLW', NULL, '' )
SELECT * FROM PREGUNTAS_SELECT WHERE ID_PLANTILLA=158 AND ID_PREGUNTA=46 ORDER BY NUM_ORDEN ASC
INSERT INTO RESPUESTAS (ID_CUESTIONARIO, ID_RESPUESTA, ID_TIPO_PREGUNTA, ID_DESCRIPCION, 
				MIN_VALOR, MAX_VALOR, MIN_LONGITUD, MAX_LONGITUD, NUM_DECIMALES, OBLIGATORIO_SN, EXCLUYENTE_SN,
				FORMULA, INFORME_SEGUIMIENTO_SN, NUM_ORDEN, TABULACION, CONDICION, NUM_ASOCIADAS, DATA_CODE, CONDITION_SATISFIED, RESPUESTA) 
		        VALUES (292, 24, 11, '8661',
				'', '', '', '', 
                                    '', 'N', 'N', 
				'', 'N', '9', 
                                '0', '', '', 'PRESC_HOURS', NULL, '' )
SELECT * FROM PREGUNTAS_SELECT WHERE ID_PLANTILLA=158 AND ID_PREGUNTA=24 ORDER BY NUM_ORDEN ASC
INSERT INTO RESPUESTAS (ID_CUESTIONARIO, ID_RESPUESTA, ID_TIPO_PREGUNTA, ID_DESCRIPCION, 
				MIN_VALOR, MAX_VALOR, MIN_LONGITUD, MAX_LONGITUD, NUM_DECIMALES, OBLIGATORIO_SN, EXCLUYENTE_SN,
				FORMULA, INFORME_SEGUIMIENTO_SN, NUM_ORDEN, TABULACION, CONDICION, NUM_ASOCIADAS, DATA_CODE, CONDITION_SATISFIED, RESPUESTA) 
		        VALUES (292, 25, 2, '8662',
				'', '', '', '', 
                                    '', 'N', 'N', 
				'', 'N', '10', 
                                '0', '', '', 'PRESC_CPAP', NULL, '' )
SELECT * FROM PREGUNTAS_SELECT WHERE ID_PLANTILLA=158 AND ID_PREGUNTA=25 ORDER BY NUM_ORDEN ASC
INSERT INTO RESPUESTAS (ID_CUESTIONARIO, ID_RESPUESTA, ID_TIPO_PREGUNTA, ID_DESCRIPCION, 
				MIN_VALOR, MAX_VALOR, MIN_LONGITUD, MAX_LONGITUD, NUM_DECIMALES, OBLIGATORIO_SN, EXCLUYENTE_SN,
				FORMULA, INFORME_SEGUIMIENTO_SN, NUM_ORDEN, TABULACION, CONDICION, NUM_ASOCIADAS, DATA_CODE, CONDITION_SATISFIED, RESPUESTA) 
		        VALUES (292, 26, 2, '8663',
				'', '', '', '', 
                                    '', 'N', 'N', 
				'', 'N', '11', 
                                '0', '', '', 'PRESC_BIPAP', NULL, '' )
SELECT * FROM PREGUNTAS_SELECT WHERE ID_PLANTILLA=158 AND ID_PREGUNTA=26 ORDER BY NUM_ORDEN ASC
INSERT INTO RESPUESTAS (ID_CUESTIONARIO, ID_RESPUESTA, ID_TIPO_PREGUNTA, ID_DESCRIPCION, 
				MIN_VALOR, MAX_VALOR, MIN_LONGITUD, MAX_LONGITUD, NUM_DECIMALES, OBLIGATORIO_SN, EXCLUYENTE_SN,
				FORMULA, INFORME_SEGUIMIENTO_SN, NUM_ORDEN, TABULACION, CONDICION, NUM_ASOCIADAS, DATA_CODE, CONDITION_SATISFIED, RESPUESTA) 
		        VALUES (292, 27, 11, '8664',
				'', '', '', '', 
                                    '', 'N', 'N', 
				'', 'N', '12', 
                                '0', '', '', 'PRESC_DURAT', NULL, '' )
SELECT * FROM PREGUNTAS_SELECT WHERE ID_PLANTILLA=158 AND ID_PREGUNTA=27 ORDER BY NUM_ORDEN ASC
INSERT INTO RESPUESTAS (ID_CUESTIONARIO, ID_RESPUESTA, ID_TIPO_PREGUNTA, ID_DESCRIPCION, 
				MIN_VALOR, MAX_VALOR, MIN_LONGITUD, MAX_LONGITUD, NUM_DECIMALES, OBLIGATORIO_SN, EXCLUYENTE_SN,
				FORMULA, INFORME_SEGUIMIENTO_SN, NUM_ORDEN, TABULACION, CONDICION, NUM_ASOCIADAS, DATA_CODE, CONDITION_SATISFIED, RESPUESTA) 
		        VALUES (292, 52, 8, '8665',
				'', '', '', '', 
                                    '', 'N', 'N', 
				'=PAT_ADDRESS()', 'N', '13', 
                                '0', '', '', 'PAT_ADDRESS', NULL, '' )
SELECT * FROM PREGUNTAS_SELECT WHERE ID_PLANTILLA=158 AND ID_PREGUNTA=52 ORDER BY NUM_ORDEN ASC
INSERT INTO RESPUESTAS (ID_CUESTIONARIO, ID_RESPUESTA, ID_TIPO_PREGUNTA, ID_DESCRIPCION, 
				MIN_VALOR, MAX_VALOR, MIN_LONGITUD, MAX_LONGITUD, NUM_DECIMALES, OBLIGATORIO_SN, EXCLUYENTE_SN,
				FORMULA, INFORME_SEGUIMIENTO_SN, NUM_ORDEN, TABULACION, CONDICION, NUM_ASOCIADAS, DATA_CODE, CONDITION_SATISFIED, RESPUESTA) 
		        VALUES (292, 53, 2, '8666',
				'', '', '', '', 
                                    '', 'N', 'N', 
				'', 'N', '14', 
                                '0', '', '', 'PRESC_ADDRES?', NULL, '' )
SELECT * FROM PREGUNTAS_SELECT WHERE ID_PLANTILLA=158 AND ID_PREGUNTA=53 ORDER BY NUM_ORDEN ASC
INSERT INTO RESPUESTAS (ID_CUESTIONARIO, ID_RESPUESTA, ID_TIPO_PREGUNTA, ID_DESCRIPCION, 
				MIN_VALOR, MAX_VALOR, MIN_LONGITUD, MAX_LONGITUD, NUM_DECIMALES, OBLIGATORIO_SN, EXCLUYENTE_SN,
				FORMULA, INFORME_SEGUIMIENTO_SN, NUM_ORDEN, TABULACION, CONDICION, NUM_ASOCIADAS, DATA_CODE, CONDITION_SATISFIED, RESPUESTA) 
		        VALUES (292, 54, 4, '8667',
				'', '', '', '', 
                                    '', 'N', 'N', 
				'', 'N', '15', 
                                '0', '$53,N', '', 'PRESC_ADDRESSCORR', '0', '' )
SELECT * FROM PREGUNTAS_SELECT WHERE ID_PLANTILLA=158 AND ID_PREGUNTA=54 ORDER BY NUM_ORDEN ASC
INSERT INTO RESPUESTAS (ID_CUESTIONARIO, ID_RESPUESTA, ID_TIPO_PREGUNTA, ID_DESCRIPCION, 
				MIN_VALOR, MAX_VALOR, MIN_LONGITUD, MAX_LONGITUD, NUM_DECIMALES, OBLIGATORIO_SN, EXCLUYENTE_SN,
				FORMULA, INFORME_SEGUIMIENTO_SN, NUM_ORDEN, TABULACION, CONDICION, NUM_ASOCIADAS, DATA_CODE, CONDITION_SATISFIED, RESPUESTA) 
		        VALUES (292, 29, 7, '8668',
				'', '', '', '', 
                                    '', 'N', 'N', 
				'', 'N', '16', 
                                '0', '', '', 'PRESC_THERPLAN', NULL, '' )
SELECT * FROM PREGUNTAS_SELECT WHERE ID_PLANTILLA=158 AND ID_PREGUNTA=29 ORDER BY NUM_ORDEN ASC
INSERT INTO RESPUESTAS (ID_CUESTIONARIO, ID_RESPUESTA, ID_TIPO_PREGUNTA, ID_DESCRIPCION, 
				MIN_VALOR, MAX_VALOR, MIN_LONGITUD, MAX_LONGITUD, NUM_DECIMALES, OBLIGATORIO_SN, EXCLUYENTE_SN,
				FORMULA, INFORME_SEGUIMIENTO_SN, NUM_ORDEN, TABULACION, CONDICION, NUM_ASOCIADAS, DATA_CODE, CONDITION_SATISFIED, RESPUESTA) 
		        VALUES (292, 51, 11, '8669',
				'', '', '', '', 
                                    '', 'N', 'N', 
				'', 'N', '17', 
                                '0', '', '', 'VALVIS_PLACE', NULL, '' )
SELECT * FROM PREGUNTAS_SELECT WHERE ID_PLANTILLA=158 AND ID_PREGUNTA=51 ORDER BY NUM_ORDEN ASC
INSERT INTO RESPUESTAS (ID_CUESTIONARIO, ID_RESPUESTA, ID_TIPO_PREGUNTA, ID_DESCRIPCION, 
				MIN_VALOR, MAX_VALOR, MIN_LONGITUD, MAX_LONGITUD, NUM_DECIMALES, OBLIGATORIO_SN, EXCLUYENTE_SN,
				FORMULA, INFORME_SEGUIMIENTO_SN, NUM_ORDEN, TABULACION, CONDICION, NUM_ASOCIADAS, DATA_CODE, CONDITION_SATISFIED, RESPUESTA) 
		        VALUES (292, 28, 11, '8670',
				'', '', '', '', 
                                    '', 'N', 'N', 
				'', 'N', '18', 
                                '0', '', '', 'PRESC_SUPPLIER', NULL, '' )
SELECT * FROM PREGUNTAS_SELECT WHERE ID_PLANTILLA=158 AND ID_PREGUNTA=28 ORDER BY NUM_ORDEN ASC
INSERT INTO RESPUESTAS (ID_CUESTIONARIO, ID_RESPUESTA, ID_TIPO_PREGUNTA, ID_DESCRIPCION, 
				MIN_VALOR, MAX_VALOR, MIN_LONGITUD, MAX_LONGITUD, NUM_DECIMALES, OBLIGATORIO_SN, EXCLUYENTE_SN,
				FORMULA, INFORME_SEGUIMIENTO_SN, NUM_ORDEN, TABULACION, CONDICION, NUM_ASOCIADAS, DATA_CODE, CONDITION_SATISFIED, RESPUESTA) 
		        VALUES (292, 49, 3, '8671',
				'', '', '', '', 
                                    '', 'N', 'N', 
				'', 'N', '19', 
                                '0', '$28,5', '', 'PRESC_SUPP_OTHER', '0', '' )
SELECT * FROM PREGUNTAS_SELECT WHERE ID_PLANTILLA=158 AND ID_PREGUNTA=49 ORDER BY NUM_ORDEN ASC
INSERT INTO RESPUESTAS (ID_CUESTIONARIO, ID_RESPUESTA, ID_TIPO_PREGUNTA, ID_DESCRIPCION, 
				MIN_VALOR, MAX_VALOR, MIN_LONGITUD, MAX_LONGITUD, NUM_DECIMALES, OBLIGATORIO_SN, EXCLUYENTE_SN,
				FORMULA, INFORME_SEGUIMIENTO_SN, NUM_ORDEN, TABULACION, CONDICION, NUM_ASOCIADAS, DATA_CODE, CONDITION_SATISFIED, RESPUESTA) 
		        VALUES (292, 30, 4, '8672',
				'', '', '', '', 
                                    '', 'N', 'N', 
				'', 'N', '20', 
                                '0', '', '', 'PRESC_COMMENT', NULL, '' )
SELECT * FROM PREGUNTAS_SELECT WHERE ID_PLANTILLA=158 AND ID_PREGUNTA=30 ORDER BY NUM_ORDEN ASC
alter session set nls_date_format = 'yyyy-mm-dd hh24:mi:ss'
SELECT * FROM TBGNRUSER WHERE TOKEN=''
SELECT TXMLSHORTNAME FROM TBGNRLANGUAGE WHERE  IID=''
SELECT ID_RESPUESTA, DATA_CODE FROM RESPUESTAS WHERE DATA_CODE IN ('BIRTHDATE', 'GENDERMF', 'CDC_ETN', 'SMOK_STATUS', 'HEIGHT', 'WEIGHT') AND ID_CUESTIONARIO=292 AND RESPUESTA IS NULL
INSERT INTO CUEST_PREST_INGRESO(ID_PRESTACION_INGRESO, ID_CUESTIONARIO)
                    VALUES (405, 292) 
INSERT INTO CUEST_PREST_INGRESO(ID_PRESTACION_INGRESO, ID_CUESTIONARIO)
                    VALUES (402, 292) 
alter session set nls_date_format = 'yyyy-mm-dd hh24:mi:ss'
SELECT * FROM TBGNRUSER WHERE TOKEN='LC5301df21b1f3c3.01465955'
SELECT ID_RESPUESTA, DATA_CODE FROM RESPUESTAS WHERE DATA_CODE IN ('BIRTHDATE', 'GENDERMF', 'CDC_ETN', 'SMOK_STATUS', 'HEIGHT', 'WEIGHT') AND ID_CUESTIONARIO=292 AND RESPUESTA IS NULL
SELECT ID_ESTADO FROM CUESTIONARIOS WHERE ID_CUESTIONARIO = 292 AND ID_ESTADO = '2'
alter session set nls_date_format = 'yyyy-mm-dd hh24:mi:ss'
SELECT * FROM PRESTACIONES WHERE ID_PRESTACION=239
SELECT PRESTACIONES_OPCIONALES_SEQ.NEXTVAL AS VALOR FROM DUAL
SELECT IIDGNRPERSON FROM TBGNRUSER WHERE TOKEN='LC5301df21b1f3c3.01465955'
SELECT IIDSTFPROFESSIONAL FROM TBSTFPERSONPROFESSIONAL WHERE IIDGNRPERSON='325'

		INSERT INTO PRESTACIONES_OPCIONALES (
		ID_PRESTACION_OPCIONAL,
		ID_INGRESO,
		ID_TIPO_PRESTACION,
		ID_DISPOSITIVO,
		ID_DOCUMENTO,
		ID_PLANTILLA,
		ID_NOMBRE,
		ID_DESCRIPCION,
		FECHA_ALTA,
		USUARIO_ALTA,
		ID_ESTADO,
		ID_PRESTACION,
		TASK_CODE)
		VALUES
		(
		75,
		213,
		'CUE',
		NULL,
		NULL,
		158,
		8783,
		8784,
		to_date('2014-02-17 12:11:47', 'yyyy-mm-dd hh24:mi:ss'),
		'183',
		14,
		'239',
		'PRESC'
		)
		
alter session set nls_date_format = 'yyyy-mm-dd hh24:mi:ss'
SELECT * FROM PRESTACIONES WHERE ID_PRESTACION=226
SELECT PRESTACIONES_OPCIONALES_SEQ.NEXTVAL AS VALOR FROM DUAL
SELECT IIDGNRPERSON FROM TBGNRUSER WHERE TOKEN='LC5301df21b1f3c3.01465955'
SELECT IIDSTFPROFESSIONAL FROM TBSTFPERSONPROFESSIONAL WHERE IIDGNRPERSON='325'

		INSERT INTO PRESTACIONES_OPCIONALES (
		ID_PRESTACION_OPCIONAL,
		ID_INGRESO,
		ID_TIPO_PRESTACION,
		ID_DISPOSITIVO,
		ID_DOCUMENTO,
		ID_PLANTILLA,
		ID_NOMBRE,
		ID_DESCRIPCION,
		FECHA_ALTA,
		USUARIO_ALTA,
		ID_ESTADO,
		ID_PRESTACION,
		TASK_CODE)
		VALUES
		(
		76,
		213,
		'CUE',
		NULL,
		NULL,
		157,
		8757,
		8758,
		to_date('2014-02-17 12:11:47', 'yyyy-mm-dd hh24:mi:ss'),
		'183',
		14,
		'226',
		''
		)
		
SELECT DISTINCT a.ID_CUESTIONARIO AS ID FROM
                CUEST_PREST_INGRESO a, PRESTACIONES_INGRESO b, RESPUESTAS c
                WHERE b.ID_INGRESO = 213  AND
                a.ID_PRESTACION_INGRESO = b.ID_PRESTACION_INGRESO AND
                c.ID_CUESTIONARIO = a.ID_CUESTIONARIO AND
                DATA_CODE IS NOT NULL
alter session set nls_date_format = 'yyyy-mm-dd hh24:mi:ss'
SELECT * FROM TBGNRUSER WHERE TOKEN='LC5301df21b1f3c3.01465955'
SELECT ID_RESPUESTA, DATA_CODE FROM RESPUESTAS WHERE DATA_CODE IN ('BIRTHDATE', 'GENDERMF', 'CDC_ETN', 'SMOK_STATUS', 'HEIGHT', 'WEIGHT') AND ID_CUESTIONARIO=290 AND RESPUESTA IS NULL
alter session set nls_date_format = 'yyyy-mm-dd hh24:mi:ss'
SELECT * FROM TBGNRUSER WHERE TOKEN='LC5301df21b1f3c3.01465955'
SELECT ID_RESPUESTA, DATA_CODE FROM RESPUESTAS WHERE DATA_CODE IN ('BIRTHDATE', 'GENDERMF', 'CDC_ETN', 'SMOK_STATUS', 'HEIGHT', 'WEIGHT') AND ID_CUESTIONARIO=291 AND RESPUESTA IS NULL
alter session set nls_date_format = 'yyyy-mm-dd hh24:mi:ss'
SELECT * FROM TBGNRUSER WHERE TOKEN='LC5301df21b1f3c3.01465955'
SELECT ID_RESPUESTA, DATA_CODE FROM RESPUESTAS WHERE DATA_CODE IN ('BIRTHDATE', 'GENDERMF', 'CDC_ETN', 'SMOK_STATUS', 'HEIGHT', 'WEIGHT') AND ID_CUESTIONARIO=292 AND RESPUESTA IS NULL
SELECT WS_LOGS_SEQ.NEXTVAL AS VALOR FROM DUAL
INSERT INTO WS_LOGS (ID_LOG, LOG_TYPE, DATE_INI, FUNCTION_NAME, USERNAME, SESION, PARAMETERS , DURATION, RES, ERROR_MSG) 
                select 16010, 'soap', to_date('2014-02-17 12:11:48', 'yyyy-mm-dd hh24:mi:ss'), 'task_insert', TXLOGIN, 'LC5301df21b1f3c3.01465955', 'session:LC5301df21b1f3c3.01465955
ADMISSION_REF:209
activity:#XTRANSFER_17
DATE:2014-02-17 00:00:00
event_id:
' , '15.30400014', '401', '' 
                from TBGNRUSER a WHERE a.TOKEN = 'LC5301df21b1f3c3.01465955'
