SELECT * FROM TBGNRUSER WHERE TOKEN='LC5302186d38c375.42028986'
SELECT * FROM TBGNRUSER WHERE TOKEN='LC5302186d38c375.42028986'
SELECT * FROM CUESTIONARIOS WHERE ID_CUESTIONARIO=281
SELECT ID_PRESTACION_INGRESO, ID_TIPO_PRESTACION, ID_NOMBRE, ID_DESCRIPCION, ID_ESTADO FROM PRESTACIONES_INGRESO WHERE ID_PRESTACION_INGRESO IN
            (SELECT ID_PRESTACION_INGRESO FROM CUEST_PREST_INGRESO WHERE ID_CUESTIONARIO = 281) ORDER BY ID_PRESTACION_INGRESO
SELECT DESCRIPCION_IDIOMA FROM DESCRIPCIONES_IDIOMAS WHERE ID_DESCRIPCION=8783 AND ID_IDIOMA='ES'
SELECT DESCRIPCION_IDIOMA FROM DESCRIPCIONES_IDIOMAS WHERE ID_DESCRIPCION=8783 AND ID_IDIOMA='ES'
SELECT a.ID_PRESTACION_INGRESO, a.ID_TIPO_PRESTACION, a.TASK_CODE, a.ID_NOMBRE, D.DESCRIPCION AS DESCRIPCION_ESTADO  
            		FROM PRESTACIONES_INGRESO  a, ESTADOS T, DESCRIPCIONES D 
                    WHERE  T.ID_DESCRIPCION = D.ID_DESCRIPCION AND T.ID_ESTADO=a.ID_ESTADO AND a.ID_PRESTACION_COMPUESTA IS NULL AND a.ID_PRESTACION_INGRESO IN 
                    (SELECT ID_PRESTACION_INGRESO FROM CUEST_PREST_INGRESO WHERE ID_CUESTIONARIO =281 AND ID_INGRESO IN  
                    (SELECT IIDPATIENTPROGRAMME FROM TBPRGPATIENTPROGRAMME WHERE IIDPATIENTPROGRAMME IN 
                    (SELECT ID_INGRESO FROM PRESTACIONES_INGRESO WHERE ID_PRESTACION_INGRESO IN 
                    (SELECT ID_PRESTACION_INGRESO FROM CUEST_PREST_INGRESO WHERE ID_CUESTIONARIO = 281)))) ORDER BY a.TASK_CODE DESC
SELECT c.ID_EVENTO, e.ID_ESTADO, e.ID_TIPO_EVENTO FROM CUESTIONARIOS_EVENTO c, EVENTOS e WHERE c.ID_EVENTO=e.ID_EVENTO AND c.ID_CUESTIONARIO =281
SELECT DESCRIPCION_IDIOMA FROM DESCRIPCIONES_IDIOMAS WHERE ID_DESCRIPCION=8789 AND ID_IDIOMA='ES'
SELECT A.ID_CUESTIONARIO, B.ID_ESTADO FROM CUEST_PREST_INGRESO A, CUESTIONARIOS B WHERE A.ID_PRESTACION_INGRESO=382 AND A.ID_CUESTIONARIO > 281  AND B.ID_CUESTIONARIO = A.ID_CUESTIONARIO ORDER BY A.ID_CUESTIONARIO ASC
SELECT A.ID_CUESTIONARIO, B.ID_ESTADO FROM CUEST_PREST_INGRESO A, CUESTIONARIOS B WHERE A.ID_PRESTACION_INGRESO=382 AND A.ID_CUESTIONARIO < 281  AND B.ID_CUESTIONARIO = A.ID_CUESTIONARIO ORDER BY A.ID_CUESTIONARIO DESC
SELECT dbms_lob.substr( RESPUESTA, dbms_lob.getlength(RESPUESTA),1) as RESPUESTA,
                    ID_RESPUESTA, ID_TIPO_PREGUNTA, ID_DESCRIPCION, MIN_VALOR,
                    MAX_VALOR, MIN_LONGITUD, MAX_LONGITUD, NUM_DECIMALES, OBLIGATORIO_SN,
                    EXCLUYENTE_SN, FORMULA, INFORME_SEGUIMIENTO_SN, NUM_ORDEN, TABULACION,
                    DATA_CODE FROM RESPUESTAS WHERE ID_CUESTIONARIO=281 AND
                    (CONDITION_SATISFIED = '1' OR CONDICION IS NULL) ORDER BY  NUM_ORDEN ASC, ID_RESPUESTA ASC
SELECT DESCRIPCION_IDIOMA FROM DESCRIPCIONES_IDIOMAS WHERE ID_DESCRIPCION=8653 AND ID_IDIOMA='ES'
SELECT DESCRIPCION_IDIOMA FROM DESCRIPCIONES_IDIOMAS WHERE ID_DESCRIPCION=8655 AND ID_IDIOMA='ES'
SELECT DESCRIPCION_IDIOMA FROM DESCRIPCIONES_IDIOMAS WHERE ID_DESCRIPCION=8656 AND ID_IDIOMA='ES'
SELECT DESCRIPCION_IDIOMA FROM DESCRIPCIONES_IDIOMAS WHERE ID_DESCRIPCION=8657 AND ID_IDIOMA='ES'
SELECT DESCRIPCION_IDIOMA FROM DESCRIPCIONES_IDIOMAS WHERE ID_DESCRIPCION=8659 AND ID_IDIOMA='ES'
SELECT DESCRIPCION_IDIOMA FROM DESCRIPCIONES_IDIOMAS WHERE ID_DESCRIPCION=8660 AND ID_IDIOMA='ES'
SELECT DESCRIPCION_IDIOMA FROM DESCRIPCIONES_IDIOMAS WHERE ID_DESCRIPCION=8661 AND ID_IDIOMA='ES'
SELECT DESCRIPCION_IDIOMA FROM DESCRIPCIONES_IDIOMAS WHERE ID_DESCRIPCION=8662 AND ID_IDIOMA='ES'
SELECT DESCRIPCION_IDIOMA FROM DESCRIPCIONES_IDIOMAS WHERE ID_DESCRIPCION=8663 AND ID_IDIOMA='ES'
SELECT DESCRIPCION_IDIOMA FROM DESCRIPCIONES_IDIOMAS WHERE ID_DESCRIPCION=8664 AND ID_IDIOMA='ES'
SELECT DESCRIPCION_IDIOMA FROM DESCRIPCIONES_IDIOMAS WHERE ID_DESCRIPCION=8665 AND ID_IDIOMA='ES'
SELECT DESCRIPCION_IDIOMA FROM DESCRIPCIONES_IDIOMAS WHERE ID_DESCRIPCION=8666 AND ID_IDIOMA='ES'
SELECT DESCRIPCION_IDIOMA FROM DESCRIPCIONES_IDIOMAS WHERE ID_DESCRIPCION=8668 AND ID_IDIOMA='ES'
SELECT DESCRIPCION_IDIOMA FROM DESCRIPCIONES_IDIOMAS WHERE ID_DESCRIPCION=8669 AND ID_IDIOMA='ES'
SELECT DESCRIPCION_IDIOMA FROM DESCRIPCIONES_IDIOMAS WHERE ID_DESCRIPCION=8670 AND ID_IDIOMA='ES'
SELECT DESCRIPCION_IDIOMA FROM DESCRIPCIONES_IDIOMAS WHERE ID_DESCRIPCION=8672 AND ID_IDIOMA='ES'
SELECT WS_LOGS_SEQ.NEXTVAL AS VALOR FROM DUAL
INSERT INTO WS_LOGS (ID_LOG, LOG_TYPE, DATE_INI, FUNCTION_NAME, USERNAME, SESION, PARAMETERS , DURATION, RES, ERROR_MSG) 
                select 16524, 'soap', to_date('2014-02-17 15:11:46', 'yyyy-mm-dd hh24:mi:ss'), 'form_get_summary', TXLOGIN, 'LC5302186d38c375.42028986', 'session:LC5302186d38c375.42028986
form_id:281
' , '2.08141589', to_clob( '<?xml version="1.0" encoding="utf-8" standalone="yes"?>
<form><ref>281</ref><data><name>PRESCRIPCIóN INICIAL OCD</name><description>PRESCRIPCIóN INICIAL OCD</description><status>CLOSED</status><next><ref/><status/></next><prev><ref>280</ref><status>OPEN</status></prev><parent_type>TASK</parent_type><parent_id>382</parent_id><parent_status>ASSIGNED/NOT DONE</parent_status><parent_name>Datos clínicos y Prescripción inicial OCD (HOSPITAL)</parent_name><questions><question><question_id>3</question_id><description>Motivo</description><num_dec/><type>VERTICAL_RADIO</type><mandatory>N</mandatory><exclusive>N</exclusive><tabulation>0</tabulation><value/></question><question><question_id>18</question_id><description>Situación del paciente</description><num_dec/><type>VERTICAL_RADIO</type><mandatory>N</mandatory><exclusive>N</exclusive><tabulation>0</tabulation><value/></question><question><question_id>19</question_id><description>Equipo prescrito &lt;em&gt;(en cada solicitud)&lt;/em&gt;</description><num_dec/><type>VERTICAL_RADIO</type><mandatory>N</mandatory><exclusive>N</exclusive><tabulation>0</tabulation><value/></question><question><question_id>23</question_id><description>Sistema de asministración del oxígeno</description><num_dec/><type>VERTICAL_RADIO</type><mandatory>N</mandatory><exclusive>N</exclusive><tabulation>0</tabulation><value/></question><question><question_id>42</question_id><description>¿Humidificador?</description><num_dec/><type>HORIZONTAL_RADIO</type><mandatory>N</mandatory><exclusive>N</exclusive><tabulation>2</tabulation><value/></question><question><question_id>46</question_id><description>Flujo prescrito</description><num_dec>1</num_dec><unity>(XX,X)</unity><type>NUMERICAL</type><mandatory>N</mandatory><exclusive>N</exclusive><tabulation>0</tabulation><value/></question><question><question_id>24</question_id><description>Horas al día</description><num_dec/><type>VERTICAL_RADIO</type><mandatory>N</mandatory><exclusive>N</exclusive><tabulation>0</tabulation><value/></question><question><question_id>25</question_id><description>¿Tiene CPAP?</description><num_dec/><type>HORIZONTAL_RADIO</type><mandatory>N</mandatory><exclusive>N</exclusive><tabulation>0</tabulation><value/></question><question><question_id>26</question_id><description>¿Tiene BIPAP?</description><num_dec/><type>HORIZONTAL_RADIO</type><mandatory>N</mandatory><exclusive>N</exclusive><tabulation>0</tabulation><value/></question><question><question_id>27</question_id><description>Duración del tratamiento</description><num_dec/><type>VERTICAL_RADIO</type><mandatory>N</mandatory><exclusive>N</exclusive><tabulation>0</tabulation><value/></question><question><question_id>52</question_id><description>La dirección que se dispone es la siguiente &lt;br/&gt;</description><num_dec/><type>FORMULA</type><mandatory>N</mandatory><exclusive>N</exclusive><tabulation>0</tabulation><value/></question><question><question_id>53</question_id><description>Corresponde con la dirección dónde se realizará el tratamiento?</description><num_dec/><type>HORIZONTAL_RADIO</type><mandatory>N</mandatory><exclusive>N</exclusive><tabulation>0</tabulation><value/></question><question><question_id>29</question_id><description>Plan terapeutico&lt;br/&gt;Proxima visita de validación OCD?</description><num_dec/><type>DATE</type><mandatory>N</mandatory><exclusive>N</exclusive><tabulation>0</tabulation><value/></question><question><question_id>51</question_id><description>Por favor, indique el lugar donde se realizará la visita</description><num_dec/><type>VERTICAL_RADIO</type><mandatory>N</mandatory><exclusive>N</exclusive><tabulation>0</tabulation><value/></question><question><question_id>28</question_id><description>Proveedor del servicio</description><num_dec/><type>VERTICAL_RADIO</type><mandatory>N</mandatory><exclusive>N</exclusive><tabulation>0</tabulation><value/></question><question><question_id>30</question_id><description>Observaciones</description><num_dec/><typ' )||to_clob( 'e>TEXT_AREA</type><mandatory>N</mandatory><exclusive>N</exclusive><tabulation>0</tabulation><value>8</value></question></questions></data></form>
' ), '' 
                from TBGNRUSER a WHERE a.TOKEN = 'LC5302186d38c375.42028986'
