SELECT * FROM TBGNRUSER WHERE TOKEN='LC531888582ad8c0.31170542'
alter session set nls_date_format = 'yyyy-mm-dd hh24:mi:ss'
SELECT * FROM TBGNRUSER WHERE TOKEN='LC531888582ad8c0.31170542'
SELECT a.*,
                (select count(ID_PRESTACION_INGRESO) cnt
                from
                ROLES_PREST_INGRESO R1
                where
                R1.ID_PRESTACION_INGRESO = a.ID_PRESTACION_INGRESO
                ) ROLES_COUNT,
                D.DESCRIPCION AS DESCRIPCION_ESTADO
                FROM PRESTACIONES_INGRESO a, ESTADOS T, DESCRIPCIONES D WHERE
                    T.ID_DESCRIPCION = D.ID_DESCRIPCION AND T.ID_ESTADO=a.ID_ESTADO AND  a.ID_PRESTACION_INGRESO = 789
SELECT * FROM 
                                (SELECT ID_PRESTACION_INGRESO, ID_ESTADO FROM PRESTACIONES_INGRESO WHERE ID_INGRESO =
                                (SELECT ID_INGRESO FROM PRESTACIONES_INGRESO WHERE ID_PRESTACION_INGRESO = 789)
                                AND ((FECHA_HORA_INICIO > '2014-03-06 00:00:00') OR (FECHA_HORA_INICIO = '2014-03-06 00:00:00' AND ID_PRESTACION_INGRESO > 789))
                                AND ID_ESTADO <> 99
                                AND ID_PRESTACION_INGRESO <> 789
                                AND ID_PRESTACION_COMPUESTA IS NULL
                                ORDER BY FECHA_HORA_INICIO ASC) 
                                where ROWNUM <= 1
SELECT * FROM 
                                (SELECT ID_PRESTACION_INGRESO, ID_ESTADO FROM PRESTACIONES_INGRESO WHERE ID_INGRESO =
                                (SELECT ID_INGRESO FROM PRESTACIONES_INGRESO WHERE ID_PRESTACION_INGRESO = 789)
                                AND ((FECHA_HORA_INICIO < '2014-03-06 00:00:00') OR (FECHA_HORA_INICIO = '2014-03-06 00:00:00' AND ID_PRESTACION_INGRESO < 789))
                                AND ID_ESTADO <> 99
                                AND ID_PRESTACION_INGRESO <> '787'
                                AND ID_PRESTACION_INGRESO <> 789
                                AND ID_PRESTACION_COMPUESTA IS NULL
                                ORDER BY FECHA_HORA_INICIO DESC) 
                                where ROWNUM <= 1
SELECT DESCRIPCION_IDIOMA FROM DESCRIPCIONES_IDIOMAS WHERE ID_DESCRIPCION=8789 AND ID_IDIOMA='CA'
SELECT DESCRIPCION_IDIOMA FROM DESCRIPCIONES_IDIOMAS WHERE ID_DESCRIPCION=8789 AND ID_IDIOMA='CA'
 SELECT A.*, TRIM(UPPER(TXNAME) || ' ' || UPPER(SUBSTR(TXFIRSTSURNAME, 0, 1)) || ' ' || UPPER(SUBSTR(TXSECONDSURNAME, 0, 1))) AS NICKNAME FROM TBGNRPERSON A WHERE IIDGNRPERSON='1' 

                SELECT DISTINCT T.IIDPATIENTPROGRAMME, T.IIDPATPATIENT
                FROM PRESTACIONES_INGRESO P, TBPRGPATIENTPROGRAMME T WHERE
                P.ID_INGRESO = T.IIDPATIENTPROGRAMME
                AND P.ID_PRESTACION_INGRESO = 789
                
SELECT ID_PRESTACION_INGRESO FROM PRESTACIONES_INGRESO WHERE ID_PRESTACION_COMPUESTA = 789 
SELECT ID_CUESTIONARIO FROM CUEST_PREST_INGRESO
                    WHERE ID_PRESTACION_INGRESO = 789 
SELECT ID_DOCUMENTO
                    FROM PRESTACIONES_OPCIONALES
                    WHERE ID_INGRESO = 301 AND ID_DOCUMENTO IS NOT NULL
SELECT WS_LOGS_SEQ.NEXTVAL AS VALOR FROM DUAL
INSERT INTO WS_LOGS (ID_LOG, LOG_TYPE, DATE_INI, FUNCTION_NAME, USERNAME, SESION, PARAMETERS , DURATION, RES, ERROR_MSG) 
                select 30143, 'soap', to_date('2014-03-06 16:06:49', 'yyyy-mm-dd hh24:mi:ss'), 'task_get', TXLOGIN, 'LC531888582ad8c0.31170542', 'session:LC531888582ad8c0.31170542
task:789
context:ADMI
' , '0.81608105', '<?xml version="1.0" encoding="utf-8" standalone="yes"?>
<task><refs><activity>242</activity><task_code/><next><ref>787</ref><status>DONE</status></next><prev><ref/><status/></prev></refs><ref>789</ref><description>Dades clíniques i prescripció inicial OCD (Hospital)</description><name>Dades clíniques i prescripció inicial OCD (Hospital)</name><modified><date>2014-03-06</date><hour>15:50:05</hour><user><id>1</id></user></modified><type/><class>PRO_TASK</class><date>2014-03-06</date><hour>00:00:00</hour><duration>0</duration><follow_report>N</follow_report><status>ASSIGNED/NOT DONE</status><admission><ref><id>301</id></ref></admission><case><ref><id>594</id></ref></case><tasks><task><ref>790</ref></task><task><ref>791</ref></task><task><ref>792</ref></task></tasks><forms><form><ref>524</ref></form><form><ref>525</ref></form><form><ref>526</ref></form></forms><docs/></task>
', '' 
                from TBGNRUSER a WHERE a.TOKEN = 'LC531888582ad8c0.31170542'
