SELECT * FROM TBGNRUSER WHERE TOKEN='LC531888582ad8c0.31170542'
SELECT * FROM TBGNRUSER WHERE TOKEN='LC531888582ad8c0.31170542'
alter session set nls_date_format = 'yyyy-mm-dd hh24:mi:ss'
SELECT WS_LOGS_SEQ.NEXTVAL AS VALOR FROM DUAL
INSERT INTO WS_LOGS (ID_LOG, LOG_TYPE, DATE_INI, FUNCTION_NAME, USERNAME, SESION, PARAMETERS , DURATION, RES, ERROR_MSG) 
                VALUES (30138, 'debug', to_date('2014-03-06- 16:00:01', 'yyyy-mm-dd hh24:mi:ss'), 'task_list_date', '', '', '' , '0', 'SELECT a.*, T.ID_TIPO_EVENTO AS ID_TIPO_EVENTO, D2.DESCRIPCION AS DESCRIPCION_ESTADO, 
                    case when a.ID_ESTADO = ''1'' then FECHA_APERTURA 
                    when a.ID_ESTADO = ''2'' AND FECHA_CIERRE IS NOT NULL then FECHA_CIERRE
                    else FECHA_APERTURA
                    end as FECHA_APERTURA
                    FROM EVENTOS a, TIPOS_EVENTO T, DESCRIPCIONES D, ESTADOS E,  DESCRIPCIONES D2
                    WHERE 
                    T.ID_NOMBRE = D.ID_DESCRIPCION AND a.ID_TIPO_EVENTO = T.ID_TIPO_EVENTO AND a.ID_ESTADO= E.ID_ESTADO AND E.ID_DESCRIPCION = D2.ID_DESCRIPCION  AND
                    (((a.ID_ESTADO = ''1'' OR FECHA_CIERRE IS NULL)AND FECHA_APERTURA >= ''2014-03-06 00:00:00'' AND FECHA_APERTURA <= ''2014-03-06 23:59:59'') 
                    OR (a.ID_ESTADO = ''2'' AND FECHA_CIERRE >= ''2014-03-06 00:00:00'' AND FECHA_CIERRE <= ''2014-03-06 23:59:59'' AND FECHA_CIERRE  IS NOT NULL))
                     AND ADMISSION_ID = ''301''', '' )
SELECT a.*, T.ID_TIPO_EVENTO AS ID_TIPO_EVENTO, D2.DESCRIPCION AS DESCRIPCION_ESTADO, 
                    case when a.ID_ESTADO = '1' then FECHA_APERTURA 
                    when a.ID_ESTADO = '2' AND FECHA_CIERRE IS NOT NULL then FECHA_CIERRE
                    else FECHA_APERTURA
                    end as FECHA_APERTURA
                    FROM EVENTOS a, TIPOS_EVENTO T, DESCRIPCIONES D, ESTADOS E,  DESCRIPCIONES D2
                    WHERE 
                    T.ID_NOMBRE = D.ID_DESCRIPCION AND a.ID_TIPO_EVENTO = T.ID_TIPO_EVENTO AND a.ID_ESTADO= E.ID_ESTADO AND E.ID_DESCRIPCION = D2.ID_DESCRIPCION  AND
                    (((a.ID_ESTADO = '1' OR FECHA_CIERRE IS NULL)AND FECHA_APERTURA >= '2014-03-06 00:00:00' AND FECHA_APERTURA <= '2014-03-06 23:59:59') 
                    OR (a.ID_ESTADO = '2' AND FECHA_CIERRE >= '2014-03-06 00:00:00' AND FECHA_CIERRE <= '2014-03-06 23:59:59' AND FECHA_CIERRE  IS NOT NULL))
                     AND ADMISSION_ID = '301'
SELECT WS_LOGS_SEQ.NEXTVAL AS VALOR FROM DUAL
INSERT INTO WS_LOGS (ID_LOG, LOG_TYPE, DATE_INI, FUNCTION_NAME, USERNAME, SESION, PARAMETERS , DURATION, RES, ERROR_MSG) 
                VALUES (30139, 'debug', to_date('2014-03-06- 16:00:01', 'yyyy-mm-dd hh24:mi:ss'), 'task_list_date', '', '', '' , '0', 'SELECT P.ID_PRESTACION_INGRESO, P.ID_INGRESO, P.ID_TIPO_PRESTACION,
                   P.FECHA_HORA_INICIO, P.FECHA_ALTA, P.ID_ESTADO, P.ID_NOMBRE, P.TASK_CODE, D.DESCRIPCION AS DESCRIPCION_ESTADO
                   ,(
                    select count(ID_PRESTACION_INGRESO) cnt
                    from
                    ROLES_PREST_INGRESO R1
                    where
                    R1.ID_PRESTACION_INGRESO = P.ID_PRESTACION_INGRESO
                   ) ROLES_COUNT
                   FROM PRESTACIONES_INGRESO P, ESTADOS T, DESCRIPCIONES D WHERE
                    T.ID_DESCRIPCION = D.ID_DESCRIPCION AND T.ID_ESTADO=P.ID_ESTADO AND
                   P.FECHA_HORA_INICIO >= ''2014-03-06 00:00:00''
                   AND P.FECHA_HORA_INICIO <= ''2014-03-06 23:59:59''
                   AND P.ID_ESTADO <> 99
                   AND P.ID_PRESTACION_COMPUESTA IS NULL
                   AND P.ID_INGRESO  = ''301'' ', '' )
SELECT P.ID_PRESTACION_INGRESO, P.ID_INGRESO, P.ID_TIPO_PRESTACION,
                   P.FECHA_HORA_INICIO, P.FECHA_ALTA, P.ID_ESTADO, P.ID_NOMBRE, P.TASK_CODE, D.DESCRIPCION AS DESCRIPCION_ESTADO
                   ,(
                    select count(ID_PRESTACION_INGRESO) cnt
                    from
                    ROLES_PREST_INGRESO R1
                    where
                    R1.ID_PRESTACION_INGRESO = P.ID_PRESTACION_INGRESO
                   ) ROLES_COUNT
                   FROM PRESTACIONES_INGRESO P, ESTADOS T, DESCRIPCIONES D WHERE
                    T.ID_DESCRIPCION = D.ID_DESCRIPCION AND T.ID_ESTADO=P.ID_ESTADO AND
                   P.FECHA_HORA_INICIO >= '2014-03-06 00:00:00'
                   AND P.FECHA_HORA_INICIO <= '2014-03-06 23:59:59'
                   AND P.ID_ESTADO <> 99
                   AND P.ID_PRESTACION_COMPUESTA IS NULL
                   AND P.ID_INGRESO  = '301' 
SELECT DESCRIPCION_IDIOMA FROM DESCRIPCIONES_IDIOMAS WHERE ID_DESCRIPCION=8789 AND ID_IDIOMA='CA'
 SELECT r.TXMLSHORTNAME AS ROL, p.ID_PROFESIONAL as ID_PROFESIONAL FROM ROLES_PREST_INGRESO p, TBSTFROLE r WHERE p.ID_ROLE=r.IIDSTFROLE AND  ID_PRESTACION_INGRESO=787
SELECT DESCRIPCION FROM DESCRIPCIONES WHERE ID_DESCRIPCION=-10863
SELECT DESCRIPCION_IDIOMA FROM DESCRIPCIONES_IDIOMAS WHERE ID_DESCRIPCION=-10863 AND ID_IDIOMA='CA'
 SELECT r.TXMLSHORTNAME AS ROL, p.ID_PROFESIONAL as ID_PROFESIONAL FROM ROLES_PREST_INGRESO p, TBSTFROLE r WHERE p.ID_ROLE=r.IIDSTFROLE AND  ID_PRESTACION_INGRESO=788
SELECT DESCRIPCION FROM DESCRIPCIONES WHERE ID_DESCRIPCION=-10865
SELECT DESCRIPCION_IDIOMA FROM DESCRIPCIONES_IDIOMAS WHERE ID_DESCRIPCION=-10865 AND ID_IDIOMA='CA'
 SELECT a.IIDGNRPERSON, a.LCX_ID, b.TXLOGIN, c.TXNAME, c.TXFIRSTSURNAME ,c.TXSECONDSURNAME ,c.DTBIRTHDAY FROM TBPATPATIENT a, TBGNRUSER b, TBGNRPERSON c 
                         WHERE a.IIDPATPATIENT='301' 
                         AND a.IIDGNRPERSON = b.IIDGNRPERSON
                         AND a.IIDGNRPERSON = c.IIDGNRPERSON
SELECT WS_LOGS_SEQ.NEXTVAL AS VALOR FROM DUAL
INSERT INTO WS_LOGS (ID_LOG, LOG_TYPE, DATE_INI, FUNCTION_NAME, USERNAME, SESION, PARAMETERS , DURATION, RES, ERROR_MSG) 
                select 30140, 'soap', to_date('2014-03-06 16:00:02', 'yyyy-mm-dd hh24:mi:ss'), 'task_list_date', TXLOGIN, 'LC531888582ad8c0.31170542', 'session:LC531888582ad8c0.31170542
date:2014-03-06
type:ADMI
id:301
' , '1.02410197', '<?xml version="1.0" standalone="yes"?>
<tasks><task><class>SYS_TASK</class><id>787</id><type>ENROLL</type><date>2014-03-06</date><hour>15:49:20</hour><description>Inscripci&#xF3; al programa</description><status>DONE</status><admission><ref>301</ref></admission><case><ref/><data><nickname/><byear/><bdate/><age>44</age><gender>F</gender></data></case></task><task><class>SYS_TASK</class><id>788</id><type>JOIN</type><date>2014-03-06</date><hour>15:50:04</hour><description>Ingr&#xE9;s al programa</description><status>DONE</status><admission><ref>301</ref></admission><case><ref/><data><nickname/><byear/><bdate/><age>44</age><gender>F</gender></data></case></task><task><class>PRO_TASK</class><id>789</id><type>CASE</type><date>2014-03-06</date><hour>00:00:00</hour><description>Dades cl&#xED;niques i prescripci&#xF3; inicial OCD (Hospital)</description><status>UNASSIGNED</status><admission><ref>301</ref></admission><case><ref/><data><nickname/><byear/><bdate/><age>44</age><gender>F</gender></data></case></task></tasks>
', '' 
                from TBGNRUSER a WHERE a.TOKEN = 'LC531888582ad8c0.31170542'
